[2023-04-19T19:40:32.947Z] Executing (default): DROP TABLE IF EXISTS `doacoes`;
[2023-04-19T19:40:33.071Z] Executing (default): DROP TABLE IF EXISTS `ongs`;
[2023-04-19T19:40:33.099Z] Executing (default): SELECT CONSTRAINT_NAME as constraint_name,CONSTRAINT_NAME as constraintName,CONSTRAINT_SCHEMA as constraintSchema,CONSTRAINT_SCHEMA as constraintCatalog,TABLE_NAME as tableName,TABLE_SCHEMA as tableSchema,TABLE_SCHEMA as tableCatalog,COLUMN_NAME as columnName,REFERENCED_TABLE_SCHEMA as referencedTableSchema,REFERENCED_TABLE_SCHEMA as referencedTableCatalog,REFERENCED_TABLE_NAME as referencedTableName,REFERENCED_COLUMN_NAME as referencedColumnName FROM INFORMATION_SCHEMA.KEY_COLUMN_USAGE where TABLE_NAME = 'doacoes' AND CONSTRAINT_NAME!='PRIMARY' AND CONSTRAINT_SCHEMA='ong_db' AND REFERENCED_TABLE_NAME IS NOT NULL;
[2023-04-19T19:40:33.184Z] Executing (default): SELECT CONSTRAINT_NAME as constraint_name,CONSTRAINT_NAME as constraintName,CONSTRAINT_SCHEMA as constraintSchema,CONSTRAINT_SCHEMA as constraintCatalog,TABLE_NAME as tableName,TABLE_SCHEMA as tableSchema,TABLE_SCHEMA as tableCatalog,COLUMN_NAME as columnName,REFERENCED_TABLE_SCHEMA as referencedTableSchema,REFERENCED_TABLE_SCHEMA as referencedTableCatalog,REFERENCED_TABLE_NAME as referencedTableName,REFERENCED_COLUMN_NAME as referencedColumnName FROM INFORMATION_SCHEMA.KEY_COLUMN_USAGE where TABLE_NAME = 'ongs' AND CONSTRAINT_NAME!='PRIMARY' AND CONSTRAINT_SCHEMA='ong_db' AND REFERENCED_TABLE_NAME IS NOT NULL;
[2023-04-19T19:40:33.192Z] Executing (default): DROP TABLE IF EXISTS `doacoes`;
[2023-04-19T19:40:33.234Z] Executing (default): DROP TABLE IF EXISTS `ongs`;
[2023-04-19T19:40:33.261Z] Executing (default): DROP TABLE IF EXISTS `ongs`;
[2023-04-19T19:40:33.289Z] Executing (default): CREATE TABLE IF NOT EXISTS `ongs` (`id` INTEGER NOT NULL auto_increment , `cnpj` VARCHAR(255) NOT NULL UNIQUE, `nome` VARCHAR(255) NOT NULL, `tipo` VARCHAR(255) NOT NULL, `dt_funcadao` DATETIME NOT NULL, `createdAt` DATETIME NOT NULL, `updatedAt` DATETIME NOT NULL, PRIMARY KEY (`id`)) ENGINE=InnoDB;
[2023-04-19T19:40:33.815Z] Executing (default): SHOW INDEX FROM `ongs`
[2023-04-19T19:40:33.857Z] Executing (default): DROP TABLE IF EXISTS `doacoes`;
[2023-04-19T19:40:33.883Z] Executing (default): CREATE TABLE IF NOT EXISTS `doacoes` (`id` INTEGER NOT NULL auto_increment , `doador` VARCHAR(255) NOT NULL, `valor` NUMBER NOT NULL, `createdAt` DATETIME NOT NULL, `updatedAt` DATETIME NOT NULL, `ongId` INTEGER, PRIMARY KEY (`id`), FOREIGN KEY (`ongId`) REFERENCES `ongs` (`id`) ON DELETE SET NULL ON UPDATE CASCADE) ENGINE=InnoDB;
[2023-04-19T19:41:14.667Z] Executing (default): DROP TABLE IF EXISTS `ongs`;
[2023-04-19T19:41:14.760Z] Executing (default): DROP TABLE IF EXISTS `doacoes`;
[2023-04-19T19:41:14.797Z] Executing (default): SELECT CONSTRAINT_NAME as constraint_name,CONSTRAINT_NAME as constraintName,CONSTRAINT_SCHEMA as constraintSchema,CONSTRAINT_SCHEMA as constraintCatalog,TABLE_NAME as tableName,TABLE_SCHEMA as tableSchema,TABLE_SCHEMA as tableCatalog,COLUMN_NAME as columnName,REFERENCED_TABLE_SCHEMA as referencedTableSchema,REFERENCED_TABLE_SCHEMA as referencedTableCatalog,REFERENCED_TABLE_NAME as referencedTableName,REFERENCED_COLUMN_NAME as referencedColumnName FROM INFORMATION_SCHEMA.KEY_COLUMN_USAGE where TABLE_NAME = 'doacoes' AND CONSTRAINT_NAME!='PRIMARY' AND CONSTRAINT_SCHEMA='ong_db' AND REFERENCED_TABLE_NAME IS NOT NULL;
[2023-04-19T19:41:14.809Z] Executing (default): SELECT CONSTRAINT_NAME as constraint_name,CONSTRAINT_NAME as constraintName,CONSTRAINT_SCHEMA as constraintSchema,CONSTRAINT_SCHEMA as constraintCatalog,TABLE_NAME as tableName,TABLE_SCHEMA as tableSchema,TABLE_SCHEMA as tableCatalog,COLUMN_NAME as columnName,REFERENCED_TABLE_SCHEMA as referencedTableSchema,REFERENCED_TABLE_SCHEMA as referencedTableCatalog,REFERENCED_TABLE_NAME as referencedTableName,REFERENCED_COLUMN_NAME as referencedColumnName FROM INFORMATION_SCHEMA.KEY_COLUMN_USAGE where TABLE_NAME = 'ongs' AND CONSTRAINT_NAME!='PRIMARY' AND CONSTRAINT_SCHEMA='ong_db' AND REFERENCED_TABLE_NAME IS NOT NULL;
[2023-04-19T19:41:14.817Z] Executing (default): DROP TABLE IF EXISTS `doacoes`;
[2023-04-19T19:41:14.853Z] Executing (default): DROP TABLE IF EXISTS `ongs`;
[2023-04-19T19:41:14.893Z] Executing (default): DROP TABLE IF EXISTS `doacoes`;
[2023-04-19T19:41:14.964Z] Executing (default): CREATE TABLE IF NOT EXISTS `doacoes` (`id` INTEGER NOT NULL auto_increment , `doador` VARCHAR(255) NOT NULL, `valor` NUMBER NOT NULL, `createdAt` DATETIME NOT NULL, `updatedAt` DATETIME NOT NULL, PRIMARY KEY (`id`)) ENGINE=InnoDB;
[2023-04-19T19:43:14.956Z] Executing (default): DROP TABLE IF EXISTS `ongs`;
[2023-04-19T19:43:14.976Z] Executing (default): DROP TABLE IF EXISTS `doacoes`;
[2023-04-19T19:43:14.985Z] Executing (default): SELECT CONSTRAINT_NAME as constraint_name,CONSTRAINT_NAME as constraintName,CONSTRAINT_SCHEMA as constraintSchema,CONSTRAINT_SCHEMA as constraintCatalog,TABLE_NAME as tableName,TABLE_SCHEMA as tableSchema,TABLE_SCHEMA as tableCatalog,COLUMN_NAME as columnName,REFERENCED_TABLE_SCHEMA as referencedTableSchema,REFERENCED_TABLE_SCHEMA as referencedTableCatalog,REFERENCED_TABLE_NAME as referencedTableName,REFERENCED_COLUMN_NAME as referencedColumnName FROM INFORMATION_SCHEMA.KEY_COLUMN_USAGE where TABLE_NAME = 'doacoes' AND CONSTRAINT_NAME!='PRIMARY' AND CONSTRAINT_SCHEMA='ong_db' AND REFERENCED_TABLE_NAME IS NOT NULL;
[2023-04-19T19:43:14.998Z] Executing (default): SELECT CONSTRAINT_NAME as constraint_name,CONSTRAINT_NAME as constraintName,CONSTRAINT_SCHEMA as constraintSchema,CONSTRAINT_SCHEMA as constraintCatalog,TABLE_NAME as tableName,TABLE_SCHEMA as tableSchema,TABLE_SCHEMA as tableCatalog,COLUMN_NAME as columnName,REFERENCED_TABLE_SCHEMA as referencedTableSchema,REFERENCED_TABLE_SCHEMA as referencedTableCatalog,REFERENCED_TABLE_NAME as referencedTableName,REFERENCED_COLUMN_NAME as referencedColumnName FROM INFORMATION_SCHEMA.KEY_COLUMN_USAGE where TABLE_NAME = 'ongs' AND CONSTRAINT_NAME!='PRIMARY' AND CONSTRAINT_SCHEMA='ong_db' AND REFERENCED_TABLE_NAME IS NOT NULL;
[2023-04-19T19:43:15.005Z] Executing (default): DROP TABLE IF EXISTS `doacoes`;
[2023-04-19T19:43:15.014Z] Executing (default): DROP TABLE IF EXISTS `ongs`;
[2023-04-19T19:43:15.023Z] Executing (default): DROP TABLE IF EXISTS `doacoes`;
[2023-04-19T19:43:15.034Z] Executing (default): CREATE TABLE IF NOT EXISTS `doacoes` (`id` INTEGER NOT NULL auto_increment , `doador` VARCHAR(255) NOT NULL, `valor` NUMBER, `createdAt` DATETIME NOT NULL, `updatedAt` DATETIME NOT NULL, PRIMARY KEY (`id`)) ENGINE=InnoDB;
[2023-04-19T19:44:16.546Z] Executing (default): DROP TABLE IF EXISTS `ongs`;
[2023-04-19T19:44:16.564Z] Executing (default): DROP TABLE IF EXISTS `doacoes`;
[2023-04-19T19:44:16.572Z] Executing (default): SELECT CONSTRAINT_NAME as constraint_name,CONSTRAINT_NAME as constraintName,CONSTRAINT_SCHEMA as constraintSchema,CONSTRAINT_SCHEMA as constraintCatalog,TABLE_NAME as tableName,TABLE_SCHEMA as tableSchema,TABLE_SCHEMA as tableCatalog,COLUMN_NAME as columnName,REFERENCED_TABLE_SCHEMA as referencedTableSchema,REFERENCED_TABLE_SCHEMA as referencedTableCatalog,REFERENCED_TABLE_NAME as referencedTableName,REFERENCED_COLUMN_NAME as referencedColumnName FROM INFORMATION_SCHEMA.KEY_COLUMN_USAGE where TABLE_NAME = 'doacoes' AND CONSTRAINT_NAME!='PRIMARY' AND CONSTRAINT_SCHEMA='ong_db' AND REFERENCED_TABLE_NAME IS NOT NULL;
[2023-04-19T19:44:16.581Z] Executing (default): SELECT CONSTRAINT_NAME as constraint_name,CONSTRAINT_NAME as constraintName,CONSTRAINT_SCHEMA as constraintSchema,CONSTRAINT_SCHEMA as constraintCatalog,TABLE_NAME as tableName,TABLE_SCHEMA as tableSchema,TABLE_SCHEMA as tableCatalog,COLUMN_NAME as columnName,REFERENCED_TABLE_SCHEMA as referencedTableSchema,REFERENCED_TABLE_SCHEMA as referencedTableCatalog,REFERENCED_TABLE_NAME as referencedTableName,REFERENCED_COLUMN_NAME as referencedColumnName FROM INFORMATION_SCHEMA.KEY_COLUMN_USAGE where TABLE_NAME = 'ongs' AND CONSTRAINT_NAME!='PRIMARY' AND CONSTRAINT_SCHEMA='ong_db' AND REFERENCED_TABLE_NAME IS NOT NULL;
[2023-04-19T19:44:16.586Z] Executing (default): DROP TABLE IF EXISTS `doacoes`;
[2023-04-19T19:44:16.594Z] Executing (default): DROP TABLE IF EXISTS `ongs`;
[2023-04-19T19:44:16.603Z] Executing (default): DROP TABLE IF EXISTS `doacoes`;
[2023-04-19T19:44:16.613Z] Executing (default): CREATE TABLE IF NOT EXISTS `doacoes` (`id` INTEGER NOT NULL auto_increment , `doador` VARCHAR(255) NOT NULL, `valor` FLOAT NOT NULL, `createdAt` DATETIME NOT NULL, `updatedAt` DATETIME NOT NULL, PRIMARY KEY (`id`)) ENGINE=InnoDB;
[2023-04-19T19:44:16.652Z] Executing (default): SHOW INDEX FROM `doacoes`
[2023-04-19T19:44:16.670Z] Executing (default): DROP TABLE IF EXISTS `ongs`;
[2023-04-19T19:44:16.677Z] Executing (default): CREATE TABLE IF NOT EXISTS `ongs` (`id` INTEGER NOT NULL auto_increment , `cnpj` VARCHAR(255) NOT NULL UNIQUE, `nome` VARCHAR(255) NOT NULL, `tipo` VARCHAR(255) NOT NULL, `dt_funcadao` DATETIME NOT NULL, `createdAt` DATETIME NOT NULL, `updatedAt` DATETIME NOT NULL, PRIMARY KEY (`id`)) ENGINE=InnoDB;
[2023-04-19T19:44:16.705Z] Executing (default): SHOW INDEX FROM `ongs`
[2023-04-19T19:50:47.503Z] Executing (default): DROP TABLE IF EXISTS `doacoes`;
[2023-04-19T19:50:47.594Z] Executing (default): DROP TABLE IF EXISTS `ongs`;
[2023-04-19T19:50:47.617Z] Executing (default): SELECT CONSTRAINT_NAME as constraint_name,CONSTRAINT_NAME as constraintName,CONSTRAINT_SCHEMA as constraintSchema,CONSTRAINT_SCHEMA as constraintCatalog,TABLE_NAME as tableName,TABLE_SCHEMA as tableSchema,TABLE_SCHEMA as tableCatalog,COLUMN_NAME as columnName,REFERENCED_TABLE_SCHEMA as referencedTableSchema,REFERENCED_TABLE_SCHEMA as referencedTableCatalog,REFERENCED_TABLE_NAME as referencedTableName,REFERENCED_COLUMN_NAME as referencedColumnName FROM INFORMATION_SCHEMA.KEY_COLUMN_USAGE where TABLE_NAME = 'doacoes' AND CONSTRAINT_NAME!='PRIMARY' AND CONSTRAINT_SCHEMA='ong_db' AND REFERENCED_TABLE_NAME IS NOT NULL;
[2023-04-19T19:50:47.630Z] Executing (default): SELECT CONSTRAINT_NAME as constraint_name,CONSTRAINT_NAME as constraintName,CONSTRAINT_SCHEMA as constraintSchema,CONSTRAINT_SCHEMA as constraintCatalog,TABLE_NAME as tableName,TABLE_SCHEMA as tableSchema,TABLE_SCHEMA as tableCatalog,COLUMN_NAME as columnName,REFERENCED_TABLE_SCHEMA as referencedTableSchema,REFERENCED_TABLE_SCHEMA as referencedTableCatalog,REFERENCED_TABLE_NAME as referencedTableName,REFERENCED_COLUMN_NAME as referencedColumnName FROM INFORMATION_SCHEMA.KEY_COLUMN_USAGE where TABLE_NAME = 'ongs' AND CONSTRAINT_NAME!='PRIMARY' AND CONSTRAINT_SCHEMA='ong_db' AND REFERENCED_TABLE_NAME IS NOT NULL;
[2023-04-19T19:50:47.637Z] Executing (default): DROP TABLE IF EXISTS `doacoes`;
[2023-04-19T19:50:47.646Z] Executing (default): DROP TABLE IF EXISTS `ongs`;
[2023-04-19T19:50:47.654Z] Executing (default): DROP TABLE IF EXISTS `ongs`;
[2023-04-19T19:50:47.664Z] Executing (default): CREATE TABLE IF NOT EXISTS `ongs` (`id` INTEGER NOT NULL auto_increment , `cnpj` VARCHAR(255) NOT NULL UNIQUE, `nome` VARCHAR(255) NOT NULL, `tipo` VARCHAR(255) NOT NULL, `dt_funcadao` DATETIME NOT NULL, `createdAt` DATETIME NOT NULL, `updatedAt` DATETIME NOT NULL, PRIMARY KEY (`id`)) ENGINE=InnoDB;
[2023-04-19T19:50:47.708Z] Executing (default): SHOW INDEX FROM `ongs`
[2023-04-19T19:50:47.728Z] Executing (default): DROP TABLE IF EXISTS `doacoes`;
[2023-04-19T19:50:47.736Z] Executing (default): CREATE TABLE IF NOT EXISTS `doacoes` (`id` INTEGER NOT NULL auto_increment , `doador` VARCHAR(255) NOT NULL, `valor` FLOAT NOT NULL, `createdAt` DATETIME NOT NULL, `updatedAt` DATETIME NOT NULL, `ongId` INTEGER, PRIMARY KEY (`id`), FOREIGN KEY (`ongId`) REFERENCES `ongs` (`id`) ON DELETE SET NULL ON UPDATE CASCADE) ENGINE=InnoDB;
[2023-04-19T19:50:47.785Z] Executing (default): SHOW INDEX FROM `doacoes`
[2023-04-19T19:55:35.130Z] Executing (default): DROP TABLE IF EXISTS `doacoes`;
[2023-04-19T19:55:35.234Z] Executing (default): DROP TABLE IF EXISTS `ongs`;
[2023-04-19T19:55:35.262Z] Executing (default): SELECT CONSTRAINT_NAME as constraint_name,CONSTRAINT_NAME as constraintName,CONSTRAINT_SCHEMA as constraintSchema,CONSTRAINT_SCHEMA as constraintCatalog,TABLE_NAME as tableName,TABLE_SCHEMA as tableSchema,TABLE_SCHEMA as tableCatalog,COLUMN_NAME as columnName,REFERENCED_TABLE_SCHEMA as referencedTableSchema,REFERENCED_TABLE_SCHEMA as referencedTableCatalog,REFERENCED_TABLE_NAME as referencedTableName,REFERENCED_COLUMN_NAME as referencedColumnName FROM INFORMATION_SCHEMA.KEY_COLUMN_USAGE where TABLE_NAME = 'doacoes' AND CONSTRAINT_NAME!='PRIMARY' AND CONSTRAINT_SCHEMA='ong_db' AND REFERENCED_TABLE_NAME IS NOT NULL;
[2023-04-19T19:55:35.278Z] Executing (default): SELECT CONSTRAINT_NAME as constraint_name,CONSTRAINT_NAME as constraintName,CONSTRAINT_SCHEMA as constraintSchema,CONSTRAINT_SCHEMA as constraintCatalog,TABLE_NAME as tableName,TABLE_SCHEMA as tableSchema,TABLE_SCHEMA as tableCatalog,COLUMN_NAME as columnName,REFERENCED_TABLE_SCHEMA as referencedTableSchema,REFERENCED_TABLE_SCHEMA as referencedTableCatalog,REFERENCED_TABLE_NAME as referencedTableName,REFERENCED_COLUMN_NAME as referencedColumnName FROM INFORMATION_SCHEMA.KEY_COLUMN_USAGE where TABLE_NAME = 'ongs' AND CONSTRAINT_NAME!='PRIMARY' AND CONSTRAINT_SCHEMA='ong_db' AND REFERENCED_TABLE_NAME IS NOT NULL;
[2023-04-19T19:55:35.288Z] Executing (default): DROP TABLE IF EXISTS `doacoes`;
[2023-04-19T19:55:35.301Z] Executing (default): DROP TABLE IF EXISTS `ongs`;
[2023-04-19T19:55:35.311Z] Executing (default): DROP TABLE IF EXISTS `ongs`;
[2023-04-19T19:55:35.328Z] Executing (default): CREATE TABLE IF NOT EXISTS `ongs` (`id` INTEGER NOT NULL auto_increment , `cnpj` VARCHAR(255) NOT NULL UNIQUE, `nome` VARCHAR(255) NOT NULL, `tipo` VARCHAR(255) NOT NULL, `dt_funcadao` DATETIME NOT NULL, `createdAt` DATETIME NOT NULL, `updatedAt` DATETIME NOT NULL, PRIMARY KEY (`id`)) ENGINE=InnoDB;
[2023-04-19T19:55:35.378Z] Executing (default): SHOW INDEX FROM `ongs`
[2023-04-19T19:55:35.402Z] Executing (default): DROP TABLE IF EXISTS `doacoes`;
[2023-04-19T19:55:35.412Z] Executing (default): CREATE TABLE IF NOT EXISTS `doacoes` (`id` INTEGER NOT NULL auto_increment , `doador` VARCHAR(255) NOT NULL, `valor` FLOAT NOT NULL, `createdAt` DATETIME NOT NULL, `updatedAt` DATETIME NOT NULL, `ongId` INTEGER, PRIMARY KEY (`id`), FOREIGN KEY (`ongId`) REFERENCES `ongs` (`id`) ON DELETE SET NULL ON UPDATE CASCADE) ENGINE=InnoDB;
[2023-04-19T19:55:35.461Z] Executing (default): SHOW INDEX FROM `doacoes`
[2023-04-19T20:00:04.069Z] Executing (default): DROP TABLE IF EXISTS `doacoes`;
[2023-04-19T20:00:04.159Z] Executing (default): DROP TABLE IF EXISTS `ongs`;
[2023-04-19T20:00:04.187Z] Executing (default): SELECT CONSTRAINT_NAME as constraint_name,CONSTRAINT_NAME as constraintName,CONSTRAINT_SCHEMA as constraintSchema,CONSTRAINT_SCHEMA as constraintCatalog,TABLE_NAME as tableName,TABLE_SCHEMA as tableSchema,TABLE_SCHEMA as tableCatalog,COLUMN_NAME as columnName,REFERENCED_TABLE_SCHEMA as referencedTableSchema,REFERENCED_TABLE_SCHEMA as referencedTableCatalog,REFERENCED_TABLE_NAME as referencedTableName,REFERENCED_COLUMN_NAME as referencedColumnName FROM INFORMATION_SCHEMA.KEY_COLUMN_USAGE where TABLE_NAME = 'doacoes' AND CONSTRAINT_NAME!='PRIMARY' AND CONSTRAINT_SCHEMA='ong_db' AND REFERENCED_TABLE_NAME IS NOT NULL;
[2023-04-19T20:00:04.202Z] Executing (default): SELECT CONSTRAINT_NAME as constraint_name,CONSTRAINT_NAME as constraintName,CONSTRAINT_SCHEMA as constraintSchema,CONSTRAINT_SCHEMA as constraintCatalog,TABLE_NAME as tableName,TABLE_SCHEMA as tableSchema,TABLE_SCHEMA as tableCatalog,COLUMN_NAME as columnName,REFERENCED_TABLE_SCHEMA as referencedTableSchema,REFERENCED_TABLE_SCHEMA as referencedTableCatalog,REFERENCED_TABLE_NAME as referencedTableName,REFERENCED_COLUMN_NAME as referencedColumnName FROM INFORMATION_SCHEMA.KEY_COLUMN_USAGE where TABLE_NAME = 'ongs' AND CONSTRAINT_NAME!='PRIMARY' AND CONSTRAINT_SCHEMA='ong_db' AND REFERENCED_TABLE_NAME IS NOT NULL;
[2023-04-19T20:00:04.213Z] Executing (default): DROP TABLE IF EXISTS `doacoes`;
[2023-04-19T20:00:04.222Z] Executing (default): DROP TABLE IF EXISTS `ongs`;
[2023-04-19T20:00:04.232Z] Executing (default): DROP TABLE IF EXISTS `ongs`;
[2023-04-19T20:00:04.250Z] Executing (default): CREATE TABLE IF NOT EXISTS `ongs` (`id` INTEGER NOT NULL auto_increment , `cnpj` VARCHAR(255) NOT NULL UNIQUE, `nome` VARCHAR(255) NOT NULL, `tipo` VARCHAR(255) NOT NULL, `dt_funcadao` DATETIME NOT NULL, `createdAt` DATETIME NOT NULL, `updatedAt` DATETIME NOT NULL, PRIMARY KEY (`id`)) ENGINE=InnoDB;
[2023-04-19T20:00:04.300Z] Executing (default): SHOW INDEX FROM `ongs`
[2023-04-19T20:00:04.322Z] Executing (default): DROP TABLE IF EXISTS `doacoes`;
[2023-04-19T20:00:04.332Z] Executing (default): CREATE TABLE IF NOT EXISTS `doacoes` (`id` INTEGER NOT NULL auto_increment , `doador` VARCHAR(255) NOT NULL, `valor` FLOAT NOT NULL, `createdAt` DATETIME NOT NULL, `updatedAt` DATETIME NOT NULL, `ongId` INTEGER, PRIMARY KEY (`id`), FOREIGN KEY (`ongId`) REFERENCES `ongs` (`id`) ON DELETE SET NULL ON UPDATE CASCADE) ENGINE=InnoDB;
[2023-04-19T20:00:04.386Z] Executing (default): SHOW INDEX FROM `doacoes`
[2023-04-19T20:13:19.293Z] Executing (default): DROP TABLE IF EXISTS `doacoes`;
[2023-04-19T20:13:19.572Z] Executing (default): DROP TABLE IF EXISTS `ongs`;
[2023-04-19T20:13:19.603Z] Executing (default): SELECT CONSTRAINT_NAME as constraint_name,CONSTRAINT_NAME as constraintName,CONSTRAINT_SCHEMA as constraintSchema,CONSTRAINT_SCHEMA as constraintCatalog,TABLE_NAME as tableName,TABLE_SCHEMA as tableSchema,TABLE_SCHEMA as tableCatalog,COLUMN_NAME as columnName,REFERENCED_TABLE_SCHEMA as referencedTableSchema,REFERENCED_TABLE_SCHEMA as referencedTableCatalog,REFERENCED_TABLE_NAME as referencedTableName,REFERENCED_COLUMN_NAME as referencedColumnName FROM INFORMATION_SCHEMA.KEY_COLUMN_USAGE where TABLE_NAME = 'doacoes' AND CONSTRAINT_NAME!='PRIMARY' AND CONSTRAINT_SCHEMA='ong_db' AND REFERENCED_TABLE_NAME IS NOT NULL;
[2023-04-19T20:13:19.638Z] Executing (default): SELECT CONSTRAINT_NAME as constraint_name,CONSTRAINT_NAME as constraintName,CONSTRAINT_SCHEMA as constraintSchema,CONSTRAINT_SCHEMA as constraintCatalog,TABLE_NAME as tableName,TABLE_SCHEMA as tableSchema,TABLE_SCHEMA as tableCatalog,COLUMN_NAME as columnName,REFERENCED_TABLE_SCHEMA as referencedTableSchema,REFERENCED_TABLE_SCHEMA as referencedTableCatalog,REFERENCED_TABLE_NAME as referencedTableName,REFERENCED_COLUMN_NAME as referencedColumnName FROM INFORMATION_SCHEMA.KEY_COLUMN_USAGE where TABLE_NAME = 'ongs' AND CONSTRAINT_NAME!='PRIMARY' AND CONSTRAINT_SCHEMA='ong_db' AND REFERENCED_TABLE_NAME IS NOT NULL;
[2023-04-19T20:13:19.646Z] Executing (default): DROP TABLE IF EXISTS `doacoes`;
[2023-04-19T20:13:19.655Z] Executing (default): DROP TABLE IF EXISTS `ongs`;
[2023-04-19T20:13:19.664Z] Executing (default): DROP TABLE IF EXISTS `ongs`;
[2023-04-19T20:13:19.676Z] Executing (default): CREATE TABLE IF NOT EXISTS `ongs` (`id` INTEGER NOT NULL auto_increment , `cnpj` VARCHAR(255) NOT NULL UNIQUE, `nome` VARCHAR(255) NOT NULL, `tipo` VARCHAR(255) NOT NULL, `dt_funcadao` DATETIME NOT NULL, `createdAt` DATETIME NOT NULL, `updatedAt` DATETIME NOT NULL, PRIMARY KEY (`id`)) ENGINE=InnoDB;
[2023-04-19T20:13:19.725Z] Executing (default): SHOW INDEX FROM `ongs`
[2023-04-19T20:13:19.747Z] Executing (default): DROP TABLE IF EXISTS `doacoes`;
[2023-04-19T20:13:19.755Z] Executing (default): CREATE TABLE IF NOT EXISTS `doacoes` (`id` INTEGER NOT NULL auto_increment , `doador` VARCHAR(255) NOT NULL, `valor` FLOAT NOT NULL, `createdAt` DATETIME NOT NULL, `updatedAt` DATETIME NOT NULL, `ongId` INTEGER, PRIMARY KEY (`id`), FOREIGN KEY (`ongId`) REFERENCES `ongs` (`id`) ON DELETE SET NULL ON UPDATE CASCADE) ENGINE=InnoDB;
[2023-04-19T20:13:19.791Z] Executing (default): SHOW INDEX FROM `doacoes`
[2023-04-19T20:18:06.642Z] Executing (default): DROP TABLE IF EXISTS `doacoes`;
[2023-04-19T20:18:06.841Z] Executing (default): DROP TABLE IF EXISTS `ongs`;
[2023-04-19T20:18:06.887Z] Executing (default): SELECT CONSTRAINT_NAME as constraint_name,CONSTRAINT_NAME as constraintName,CONSTRAINT_SCHEMA as constraintSchema,CONSTRAINT_SCHEMA as constraintCatalog,TABLE_NAME as tableName,TABLE_SCHEMA as tableSchema,TABLE_SCHEMA as tableCatalog,COLUMN_NAME as columnName,REFERENCED_TABLE_SCHEMA as referencedTableSchema,REFERENCED_TABLE_SCHEMA as referencedTableCatalog,REFERENCED_TABLE_NAME as referencedTableName,REFERENCED_COLUMN_NAME as referencedColumnName FROM INFORMATION_SCHEMA.KEY_COLUMN_USAGE where TABLE_NAME = 'doacoes' AND CONSTRAINT_NAME!='PRIMARY' AND CONSTRAINT_SCHEMA='ong_db' AND REFERENCED_TABLE_NAME IS NOT NULL;
[2023-04-19T20:18:06.924Z] Executing (default): SELECT CONSTRAINT_NAME as constraint_name,CONSTRAINT_NAME as constraintName,CONSTRAINT_SCHEMA as constraintSchema,CONSTRAINT_SCHEMA as constraintCatalog,TABLE_NAME as tableName,TABLE_SCHEMA as tableSchema,TABLE_SCHEMA as tableCatalog,COLUMN_NAME as columnName,REFERENCED_TABLE_SCHEMA as referencedTableSchema,REFERENCED_TABLE_SCHEMA as referencedTableCatalog,REFERENCED_TABLE_NAME as referencedTableName,REFERENCED_COLUMN_NAME as referencedColumnName FROM INFORMATION_SCHEMA.KEY_COLUMN_USAGE where TABLE_NAME = 'ongs' AND CONSTRAINT_NAME!='PRIMARY' AND CONSTRAINT_SCHEMA='ong_db' AND REFERENCED_TABLE_NAME IS NOT NULL;
[2023-04-19T20:18:06.931Z] Executing (default): DROP TABLE IF EXISTS `doacoes`;
[2023-04-19T20:18:06.940Z] Executing (default): DROP TABLE IF EXISTS `ongs`;
[2023-04-19T20:18:06.948Z] Executing (default): DROP TABLE IF EXISTS `ongs`;
[2023-04-19T20:18:06.962Z] Executing (default): CREATE TABLE IF NOT EXISTS `ongs` (`id` INTEGER NOT NULL auto_increment , `cnpj` VARCHAR(255) NOT NULL UNIQUE, `nome` VARCHAR(255) NOT NULL, `tipo` VARCHAR(255) NOT NULL, `dt_funcadao` DATETIME NOT NULL, `createdAt` DATETIME NOT NULL, `updatedAt` DATETIME NOT NULL, PRIMARY KEY (`id`)) ENGINE=InnoDB;
[2023-04-19T20:18:07.005Z] Executing (default): SHOW INDEX FROM `ongs`
[2023-04-19T20:18:07.029Z] Executing (default): DROP TABLE IF EXISTS `doacoes`;
[2023-04-19T20:18:07.038Z] Executing (default): CREATE TABLE IF NOT EXISTS `doacoes` (`id` INTEGER NOT NULL auto_increment , `doador` VARCHAR(255) NOT NULL, `valor` FLOAT NOT NULL, `createdAt` DATETIME NOT NULL, `updatedAt` DATETIME NOT NULL, `ongId` INTEGER, PRIMARY KEY (`id`), FOREIGN KEY (`ongId`) REFERENCES `ongs` (`id`) ON DELETE SET NULL ON UPDATE CASCADE) ENGINE=InnoDB;
[2023-04-19T20:18:07.080Z] Executing (default): SHOW INDEX FROM `doacoes`
[2023-04-19T20:19:54.120Z] Executing (default): DROP TABLE IF EXISTS `doacoes`;
[2023-04-19T20:19:54.180Z] Executing (default): DROP TABLE IF EXISTS `ongs`;
[2023-04-19T20:19:54.245Z] Executing (default): SELECT CONSTRAINT_NAME as constraint_name,CONSTRAINT_NAME as constraintName,CONSTRAINT_SCHEMA as constraintSchema,CONSTRAINT_SCHEMA as constraintCatalog,TABLE_NAME as tableName,TABLE_SCHEMA as tableSchema,TABLE_SCHEMA as tableCatalog,COLUMN_NAME as columnName,REFERENCED_TABLE_SCHEMA as referencedTableSchema,REFERENCED_TABLE_SCHEMA as referencedTableCatalog,REFERENCED_TABLE_NAME as referencedTableName,REFERENCED_COLUMN_NAME as referencedColumnName FROM INFORMATION_SCHEMA.KEY_COLUMN_USAGE where TABLE_NAME = 'doacoes' AND CONSTRAINT_NAME!='PRIMARY' AND CONSTRAINT_SCHEMA='ong_db' AND REFERENCED_TABLE_NAME IS NOT NULL;
[2023-04-19T20:19:54.260Z] Executing (default): SELECT CONSTRAINT_NAME as constraint_name,CONSTRAINT_NAME as constraintName,CONSTRAINT_SCHEMA as constraintSchema,CONSTRAINT_SCHEMA as constraintCatalog,TABLE_NAME as tableName,TABLE_SCHEMA as tableSchema,TABLE_SCHEMA as tableCatalog,COLUMN_NAME as columnName,REFERENCED_TABLE_SCHEMA as referencedTableSchema,REFERENCED_TABLE_SCHEMA as referencedTableCatalog,REFERENCED_TABLE_NAME as referencedTableName,REFERENCED_COLUMN_NAME as referencedColumnName FROM INFORMATION_SCHEMA.KEY_COLUMN_USAGE where TABLE_NAME = 'ongs' AND CONSTRAINT_NAME!='PRIMARY' AND CONSTRAINT_SCHEMA='ong_db' AND REFERENCED_TABLE_NAME IS NOT NULL;
[2023-04-19T20:19:54.270Z] Executing (default): DROP TABLE IF EXISTS `doacoes`;
[2023-04-19T20:19:54.277Z] Executing (default): DROP TABLE IF EXISTS `ongs`;
[2023-04-19T20:19:54.286Z] Executing (default): DROP TABLE IF EXISTS `ongs`;
[2023-04-19T20:19:54.340Z] Executing (default): CREATE TABLE IF NOT EXISTS `ongs` (`id` INTEGER NOT NULL auto_increment , `cnpj` VARCHAR(255) NOT NULL UNIQUE, `nome` VARCHAR(255) NOT NULL, `tipo` VARCHAR(255) NOT NULL, `dt_funcadao` DATETIME NOT NULL, `createdAt` DATETIME NOT NULL, `updatedAt` DATETIME NOT NULL, PRIMARY KEY (`id`)) ENGINE=InnoDB;
[2023-04-19T20:19:54.509Z] Executing (default): SHOW INDEX FROM `ongs`
[2023-04-19T20:19:54.561Z] Executing (default): DROP TABLE IF EXISTS `doacoes`;
[2023-04-19T20:19:54.577Z] Executing (default): CREATE TABLE IF NOT EXISTS `doacoes` (`id` INTEGER NOT NULL auto_increment , `doador` VARCHAR(255) NOT NULL, `valor` FLOAT NOT NULL, `createdAt` DATETIME NOT NULL, `updatedAt` DATETIME NOT NULL, `ongId` INTEGER, PRIMARY KEY (`id`), FOREIGN KEY (`ongId`) REFERENCES `ongs` (`id`) ON DELETE SET NULL ON UPDATE CASCADE) ENGINE=InnoDB;
[2023-04-19T20:19:54.721Z] Executing (default): SHOW INDEX FROM `doacoes`
[2023-04-19T20:20:52.911Z] Executing (default): DROP TABLE IF EXISTS `doacoes`;
[2023-04-19T20:20:52.950Z] Executing (default): DROP TABLE IF EXISTS `ongs`;
[2023-04-19T20:20:52.968Z] Executing (default): SELECT CONSTRAINT_NAME as constraint_name,CONSTRAINT_NAME as constraintName,CONSTRAINT_SCHEMA as constraintSchema,CONSTRAINT_SCHEMA as constraintCatalog,TABLE_NAME as tableName,TABLE_SCHEMA as tableSchema,TABLE_SCHEMA as tableCatalog,COLUMN_NAME as columnName,REFERENCED_TABLE_SCHEMA as referencedTableSchema,REFERENCED_TABLE_SCHEMA as referencedTableCatalog,REFERENCED_TABLE_NAME as referencedTableName,REFERENCED_COLUMN_NAME as referencedColumnName FROM INFORMATION_SCHEMA.KEY_COLUMN_USAGE where TABLE_NAME = 'doacoes' AND CONSTRAINT_NAME!='PRIMARY' AND CONSTRAINT_SCHEMA='ong_db' AND REFERENCED_TABLE_NAME IS NOT NULL;
[2023-04-19T20:20:52.978Z] Executing (default): SELECT CONSTRAINT_NAME as constraint_name,CONSTRAINT_NAME as constraintName,CONSTRAINT_SCHEMA as constraintSchema,CONSTRAINT_SCHEMA as constraintCatalog,TABLE_NAME as tableName,TABLE_SCHEMA as tableSchema,TABLE_SCHEMA as tableCatalog,COLUMN_NAME as columnName,REFERENCED_TABLE_SCHEMA as referencedTableSchema,REFERENCED_TABLE_SCHEMA as referencedTableCatalog,REFERENCED_TABLE_NAME as referencedTableName,REFERENCED_COLUMN_NAME as referencedColumnName FROM INFORMATION_SCHEMA.KEY_COLUMN_USAGE where TABLE_NAME = 'ongs' AND CONSTRAINT_NAME!='PRIMARY' AND CONSTRAINT_SCHEMA='ong_db' AND REFERENCED_TABLE_NAME IS NOT NULL;
[2023-04-19T20:20:52.983Z] Executing (default): DROP TABLE IF EXISTS `doacoes`;
[2023-04-19T20:20:52.991Z] Executing (default): DROP TABLE IF EXISTS `ongs`;
[2023-04-19T20:20:52.999Z] Executing (default): DROP TABLE IF EXISTS `ongs`;
[2023-04-19T20:20:53.008Z] Executing (default): CREATE TABLE IF NOT EXISTS `ongs` (`id` INTEGER NOT NULL auto_increment , `cnpj` VARCHAR(255) NOT NULL UNIQUE, `nome` VARCHAR(255) NOT NULL, `tipo` VARCHAR(255) NOT NULL, `dt_funcadao` DATETIME NOT NULL, `createdAt` DATETIME NOT NULL, `updatedAt` DATETIME NOT NULL, PRIMARY KEY (`id`)) ENGINE=InnoDB;
[2023-04-19T20:20:53.043Z] Executing (default): SHOW INDEX FROM `ongs`
[2023-04-19T20:20:53.065Z] Executing (default): DROP TABLE IF EXISTS `doacoes`;
[2023-04-19T20:20:53.074Z] Executing (default): CREATE TABLE IF NOT EXISTS `doacoes` (`id` INTEGER NOT NULL auto_increment , `doador` VARCHAR(255) NOT NULL, `valor` FLOAT NOT NULL, `createdAt` DATETIME NOT NULL, `updatedAt` DATETIME NOT NULL, `ongId` INTEGER, PRIMARY KEY (`id`), FOREIGN KEY (`ongId`) REFERENCES `ongs` (`id`) ON DELETE SET NULL ON UPDATE CASCADE) ENGINE=InnoDB;
[2023-04-19T20:20:53.112Z] Executing (default): SHOW INDEX FROM `doacoes`
[2023-04-19T20:22:56.628Z] Executing (default): DROP TABLE IF EXISTS `doacoes`;
[2023-04-19T20:22:56.762Z] Executing (default): DROP TABLE IF EXISTS `ongs`;
[2023-04-19T20:22:56.786Z] Executing (default): SELECT CONSTRAINT_NAME as constraint_name,CONSTRAINT_NAME as constraintName,CONSTRAINT_SCHEMA as constraintSchema,CONSTRAINT_SCHEMA as constraintCatalog,TABLE_NAME as tableName,TABLE_SCHEMA as tableSchema,TABLE_SCHEMA as tableCatalog,COLUMN_NAME as columnName,REFERENCED_TABLE_SCHEMA as referencedTableSchema,REFERENCED_TABLE_SCHEMA as referencedTableCatalog,REFERENCED_TABLE_NAME as referencedTableName,REFERENCED_COLUMN_NAME as referencedColumnName FROM INFORMATION_SCHEMA.KEY_COLUMN_USAGE where TABLE_NAME = 'doacoes' AND CONSTRAINT_NAME!='PRIMARY' AND CONSTRAINT_SCHEMA='ong_db' AND REFERENCED_TABLE_NAME IS NOT NULL;
[2023-04-19T20:22:56.808Z] Executing (default): SELECT CONSTRAINT_NAME as constraint_name,CONSTRAINT_NAME as constraintName,CONSTRAINT_SCHEMA as constraintSchema,CONSTRAINT_SCHEMA as constraintCatalog,TABLE_NAME as tableName,TABLE_SCHEMA as tableSchema,TABLE_SCHEMA as tableCatalog,COLUMN_NAME as columnName,REFERENCED_TABLE_SCHEMA as referencedTableSchema,REFERENCED_TABLE_SCHEMA as referencedTableCatalog,REFERENCED_TABLE_NAME as referencedTableName,REFERENCED_COLUMN_NAME as referencedColumnName FROM INFORMATION_SCHEMA.KEY_COLUMN_USAGE where TABLE_NAME = 'ongs' AND CONSTRAINT_NAME!='PRIMARY' AND CONSTRAINT_SCHEMA='ong_db' AND REFERENCED_TABLE_NAME IS NOT NULL;
[2023-04-19T20:22:56.815Z] Executing (default): DROP TABLE IF EXISTS `doacoes`;
[2023-04-19T20:22:56.824Z] Executing (default): DROP TABLE IF EXISTS `ongs`;
[2023-04-19T20:22:56.833Z] Executing (default): DROP TABLE IF EXISTS `ongs`;
[2023-04-19T20:22:56.846Z] Executing (default): CREATE TABLE IF NOT EXISTS `ongs` (`id` INTEGER NOT NULL auto_increment , `cnpj` VARCHAR(255) NOT NULL UNIQUE, `nome` VARCHAR(255) NOT NULL, `tipo` VARCHAR(255) NOT NULL, `dt_fundacao` DATETIME NOT NULL, `createdAt` DATETIME NOT NULL, `updatedAt` DATETIME NOT NULL, PRIMARY KEY (`id`)) ENGINE=InnoDB;
[2023-04-19T20:22:56.884Z] Executing (default): SHOW INDEX FROM `ongs`
[2023-04-19T20:22:56.907Z] Executing (default): DROP TABLE IF EXISTS `doacoes`;
[2023-04-19T20:22:56.917Z] Executing (default): CREATE TABLE IF NOT EXISTS `doacoes` (`id` INTEGER NOT NULL auto_increment , `doador` VARCHAR(255) NOT NULL, `valor` FLOAT NOT NULL, `createdAt` DATETIME NOT NULL, `updatedAt` DATETIME NOT NULL, `ongId` INTEGER, PRIMARY KEY (`id`), FOREIGN KEY (`ongId`) REFERENCES `ongs` (`id`) ON DELETE SET NULL ON UPDATE CASCADE) ENGINE=InnoDB;
[2023-04-19T20:22:56.958Z] Executing (default): SHOW INDEX FROM `doacoes`
[2023-04-19T20:22:58.366Z] Executing (default): INSERT INTO `ongs` (`id`,`cnpj`,`nome`,`tipo`,`dt_fundacao`,`createdAt`,`updatedAt`) VALUES (DEFAULT,?,?,?,?,?,?);
[2023-04-19T20:24:30.709Z] Executing (default): DROP TABLE IF EXISTS `doacoes`;
[2023-04-19T20:24:30.766Z] Executing (default): DROP TABLE IF EXISTS `ongs`;
[2023-04-19T20:24:30.804Z] Executing (default): SELECT CONSTRAINT_NAME as constraint_name,CONSTRAINT_NAME as constraintName,CONSTRAINT_SCHEMA as constraintSchema,CONSTRAINT_SCHEMA as constraintCatalog,TABLE_NAME as tableName,TABLE_SCHEMA as tableSchema,TABLE_SCHEMA as tableCatalog,COLUMN_NAME as columnName,REFERENCED_TABLE_SCHEMA as referencedTableSchema,REFERENCED_TABLE_SCHEMA as referencedTableCatalog,REFERENCED_TABLE_NAME as referencedTableName,REFERENCED_COLUMN_NAME as referencedColumnName FROM INFORMATION_SCHEMA.KEY_COLUMN_USAGE where TABLE_NAME = 'doacoes' AND CONSTRAINT_NAME!='PRIMARY' AND CONSTRAINT_SCHEMA='ong_db' AND REFERENCED_TABLE_NAME IS NOT NULL;
[2023-04-19T20:24:30.819Z] Executing (default): SELECT CONSTRAINT_NAME as constraint_name,CONSTRAINT_NAME as constraintName,CONSTRAINT_SCHEMA as constraintSchema,CONSTRAINT_SCHEMA as constraintCatalog,TABLE_NAME as tableName,TABLE_SCHEMA as tableSchema,TABLE_SCHEMA as tableCatalog,COLUMN_NAME as columnName,REFERENCED_TABLE_SCHEMA as referencedTableSchema,REFERENCED_TABLE_SCHEMA as referencedTableCatalog,REFERENCED_TABLE_NAME as referencedTableName,REFERENCED_COLUMN_NAME as referencedColumnName FROM INFORMATION_SCHEMA.KEY_COLUMN_USAGE where TABLE_NAME = 'ongs' AND CONSTRAINT_NAME!='PRIMARY' AND CONSTRAINT_SCHEMA='ong_db' AND REFERENCED_TABLE_NAME IS NOT NULL;
[2023-04-19T20:24:30.827Z] Executing (default): DROP TABLE IF EXISTS `doacoes`;
[2023-04-19T20:24:30.835Z] Executing (default): DROP TABLE IF EXISTS `ongs`;
[2023-04-19T20:24:30.844Z] Executing (default): DROP TABLE IF EXISTS `ongs`;
[2023-04-19T20:24:30.857Z] Executing (default): CREATE TABLE IF NOT EXISTS `ongs` (`id` INTEGER NOT NULL auto_increment , `cnpj` VARCHAR(255) NOT NULL UNIQUE, `nome` VARCHAR(255) NOT NULL, `tipo` VARCHAR(255) NOT NULL, `dt_fundacao` DATETIME NOT NULL, `createdAt` DATETIME NOT NULL, `updatedAt` DATETIME NOT NULL, PRIMARY KEY (`id`)) ENGINE=InnoDB;
[2023-04-19T20:24:30.904Z] Executing (default): SHOW INDEX FROM `ongs`
[2023-04-19T20:24:30.931Z] Executing (default): DROP TABLE IF EXISTS `doacoes`;
[2023-04-19T20:24:30.941Z] Executing (default): CREATE TABLE IF NOT EXISTS `doacoes` (`id` INTEGER NOT NULL auto_increment , `doador` VARCHAR(255) NOT NULL, `valor` FLOAT NOT NULL, `createdAt` DATETIME NOT NULL, `updatedAt` DATETIME NOT NULL, `ongId` INTEGER, PRIMARY KEY (`id`), FOREIGN KEY (`ongId`) REFERENCES `ongs` (`id`) ON DELETE SET NULL ON UPDATE CASCADE) ENGINE=InnoDB;
[2023-04-19T20:24:30.985Z] Executing (default): SHOW INDEX FROM `doacoes`
[2023-04-19T20:24:41.600Z] Executing (default): DROP TABLE IF EXISTS `doacoes`;
[2023-04-19T20:24:41.650Z] Executing (default): DROP TABLE IF EXISTS `ongs`;
[2023-04-19T20:24:41.672Z] Executing (default): SELECT CONSTRAINT_NAME as constraint_name,CONSTRAINT_NAME as constraintName,CONSTRAINT_SCHEMA as constraintSchema,CONSTRAINT_SCHEMA as constraintCatalog,TABLE_NAME as tableName,TABLE_SCHEMA as tableSchema,TABLE_SCHEMA as tableCatalog,COLUMN_NAME as columnName,REFERENCED_TABLE_SCHEMA as referencedTableSchema,REFERENCED_TABLE_SCHEMA as referencedTableCatalog,REFERENCED_TABLE_NAME as referencedTableName,REFERENCED_COLUMN_NAME as referencedColumnName FROM INFORMATION_SCHEMA.KEY_COLUMN_USAGE where TABLE_NAME = 'doacoes' AND CONSTRAINT_NAME!='PRIMARY' AND CONSTRAINT_SCHEMA='ong_db' AND REFERENCED_TABLE_NAME IS NOT NULL;
[2023-04-19T20:24:41.683Z] Executing (default): SELECT CONSTRAINT_NAME as constraint_name,CONSTRAINT_NAME as constraintName,CONSTRAINT_SCHEMA as constraintSchema,CONSTRAINT_SCHEMA as constraintCatalog,TABLE_NAME as tableName,TABLE_SCHEMA as tableSchema,TABLE_SCHEMA as tableCatalog,COLUMN_NAME as columnName,REFERENCED_TABLE_SCHEMA as referencedTableSchema,REFERENCED_TABLE_SCHEMA as referencedTableCatalog,REFERENCED_TABLE_NAME as referencedTableName,REFERENCED_COLUMN_NAME as referencedColumnName FROM INFORMATION_SCHEMA.KEY_COLUMN_USAGE where TABLE_NAME = 'ongs' AND CONSTRAINT_NAME!='PRIMARY' AND CONSTRAINT_SCHEMA='ong_db' AND REFERENCED_TABLE_NAME IS NOT NULL;
[2023-04-19T20:24:41.690Z] Executing (default): DROP TABLE IF EXISTS `doacoes`;
[2023-04-19T20:24:41.697Z] Executing (default): DROP TABLE IF EXISTS `ongs`;
[2023-04-19T20:24:41.706Z] Executing (default): DROP TABLE IF EXISTS `ongs`;
[2023-04-19T20:24:41.717Z] Executing (default): CREATE TABLE IF NOT EXISTS `ongs` (`id` INTEGER NOT NULL auto_increment , `cnpj` VARCHAR(255) NOT NULL UNIQUE, `nome` VARCHAR(255) NOT NULL, `tipo` VARCHAR(255) NOT NULL, `dt_fundacao` DATETIME NOT NULL, `createdAt` DATETIME NOT NULL, `updatedAt` DATETIME NOT NULL, PRIMARY KEY (`id`)) ENGINE=InnoDB;
[2023-04-19T20:24:41.755Z] Executing (default): SHOW INDEX FROM `ongs`
[2023-04-19T20:24:41.783Z] Executing (default): DROP TABLE IF EXISTS `doacoes`;
[2023-04-19T20:24:41.792Z] Executing (default): CREATE TABLE IF NOT EXISTS `doacoes` (`id` INTEGER NOT NULL auto_increment , `doador` VARCHAR(255) NOT NULL, `valor` FLOAT NOT NULL, `createdAt` DATETIME NOT NULL, `updatedAt` DATETIME NOT NULL, `ongId` INTEGER, PRIMARY KEY (`id`), FOREIGN KEY (`ongId`) REFERENCES `ongs` (`id`) ON DELETE SET NULL ON UPDATE CASCADE) ENGINE=InnoDB;
[2023-04-19T20:24:41.838Z] Executing (default): SHOW INDEX FROM `doacoes`
[2023-04-19T20:25:07.921Z] Executing (default): DROP TABLE IF EXISTS `doacoes`;
[2023-04-19T20:25:07.966Z] Executing (default): DROP TABLE IF EXISTS `ongs`;
[2023-04-19T20:25:07.983Z] Executing (default): SELECT CONSTRAINT_NAME as constraint_name,CONSTRAINT_NAME as constraintName,CONSTRAINT_SCHEMA as constraintSchema,CONSTRAINT_SCHEMA as constraintCatalog,TABLE_NAME as tableName,TABLE_SCHEMA as tableSchema,TABLE_SCHEMA as tableCatalog,COLUMN_NAME as columnName,REFERENCED_TABLE_SCHEMA as referencedTableSchema,REFERENCED_TABLE_SCHEMA as referencedTableCatalog,REFERENCED_TABLE_NAME as referencedTableName,REFERENCED_COLUMN_NAME as referencedColumnName FROM INFORMATION_SCHEMA.KEY_COLUMN_USAGE where TABLE_NAME = 'doacoes' AND CONSTRAINT_NAME!='PRIMARY' AND CONSTRAINT_SCHEMA='ong_db' AND REFERENCED_TABLE_NAME IS NOT NULL;
[2023-04-19T20:25:07.994Z] Executing (default): SELECT CONSTRAINT_NAME as constraint_name,CONSTRAINT_NAME as constraintName,CONSTRAINT_SCHEMA as constraintSchema,CONSTRAINT_SCHEMA as constraintCatalog,TABLE_NAME as tableName,TABLE_SCHEMA as tableSchema,TABLE_SCHEMA as tableCatalog,COLUMN_NAME as columnName,REFERENCED_TABLE_SCHEMA as referencedTableSchema,REFERENCED_TABLE_SCHEMA as referencedTableCatalog,REFERENCED_TABLE_NAME as referencedTableName,REFERENCED_COLUMN_NAME as referencedColumnName FROM INFORMATION_SCHEMA.KEY_COLUMN_USAGE where TABLE_NAME = 'ongs' AND CONSTRAINT_NAME!='PRIMARY' AND CONSTRAINT_SCHEMA='ong_db' AND REFERENCED_TABLE_NAME IS NOT NULL;
[2023-04-19T20:25:08.000Z] Executing (default): DROP TABLE IF EXISTS `doacoes`;
[2023-04-19T20:25:08.007Z] Executing (default): DROP TABLE IF EXISTS `ongs`;
[2023-04-19T20:25:08.016Z] Executing (default): DROP TABLE IF EXISTS `ongs`;
[2023-04-19T20:25:08.027Z] Executing (default): CREATE TABLE IF NOT EXISTS `ongs` (`id` INTEGER NOT NULL auto_increment , `cnpj` VARCHAR(255) NOT NULL UNIQUE, `nome` VARCHAR(255) NOT NULL, `tipo` VARCHAR(255) NOT NULL, `dt_fundacao` DATETIME NOT NULL, `createdAt` DATETIME NOT NULL, `updatedAt` DATETIME NOT NULL, PRIMARY KEY (`id`)) ENGINE=InnoDB;
[2023-04-19T20:25:08.067Z] Executing (default): SHOW INDEX FROM `ongs`
[2023-04-19T20:25:08.086Z] Executing (default): DROP TABLE IF EXISTS `doacoes`;
[2023-04-19T20:25:08.096Z] Executing (default): CREATE TABLE IF NOT EXISTS `doacoes` (`id` INTEGER NOT NULL auto_increment , `doador` VARCHAR(255) NOT NULL, `valor` FLOAT NOT NULL, `createdAt` DATETIME NOT NULL, `updatedAt` DATETIME NOT NULL, `ongId` INTEGER, PRIMARY KEY (`id`), FOREIGN KEY (`ongId`) REFERENCES `ongs` (`id`) ON DELETE SET NULL ON UPDATE CASCADE) ENGINE=InnoDB;
[2023-04-19T20:25:08.134Z] Executing (default): SHOW INDEX FROM `doacoes`
[2023-04-19T20:25:15.581Z] Executing (default): INSERT INTO `ongs` (`id`,`cnpj`,`nome`,`tipo`,`dt_fundacao`,`createdAt`,`updatedAt`) VALUES (DEFAULT,?,?,?,?,?,?);
[2023-04-19T20:28:20.064Z] Executing (default): DROP TABLE IF EXISTS `doacoes`;
[2023-04-19T20:28:20.190Z] Executing (default): DROP TABLE IF EXISTS `ongs`;
[2023-04-19T20:28:20.212Z] Executing (default): SELECT CONSTRAINT_NAME as constraint_name,CONSTRAINT_NAME as constraintName,CONSTRAINT_SCHEMA as constraintSchema,CONSTRAINT_SCHEMA as constraintCatalog,TABLE_NAME as tableName,TABLE_SCHEMA as tableSchema,TABLE_SCHEMA as tableCatalog,COLUMN_NAME as columnName,REFERENCED_TABLE_SCHEMA as referencedTableSchema,REFERENCED_TABLE_SCHEMA as referencedTableCatalog,REFERENCED_TABLE_NAME as referencedTableName,REFERENCED_COLUMN_NAME as referencedColumnName FROM INFORMATION_SCHEMA.KEY_COLUMN_USAGE where TABLE_NAME = 'doacoes' AND CONSTRAINT_NAME!='PRIMARY' AND CONSTRAINT_SCHEMA='ong_db' AND REFERENCED_TABLE_NAME IS NOT NULL;
[2023-04-19T20:28:20.248Z] Executing (default): SELECT CONSTRAINT_NAME as constraint_name,CONSTRAINT_NAME as constraintName,CONSTRAINT_SCHEMA as constraintSchema,CONSTRAINT_SCHEMA as constraintCatalog,TABLE_NAME as tableName,TABLE_SCHEMA as tableSchema,TABLE_SCHEMA as tableCatalog,COLUMN_NAME as columnName,REFERENCED_TABLE_SCHEMA as referencedTableSchema,REFERENCED_TABLE_SCHEMA as referencedTableCatalog,REFERENCED_TABLE_NAME as referencedTableName,REFERENCED_COLUMN_NAME as referencedColumnName FROM INFORMATION_SCHEMA.KEY_COLUMN_USAGE where TABLE_NAME = 'ongs' AND CONSTRAINT_NAME!='PRIMARY' AND CONSTRAINT_SCHEMA='ong_db' AND REFERENCED_TABLE_NAME IS NOT NULL;
[2023-04-19T20:28:20.254Z] Executing (default): DROP TABLE IF EXISTS `doacoes`;
[2023-04-19T20:28:20.262Z] Executing (default): DROP TABLE IF EXISTS `ongs`;
[2023-04-19T20:28:20.272Z] Executing (default): DROP TABLE IF EXISTS `ongs`;
[2023-04-19T20:28:20.284Z] Executing (default): CREATE TABLE IF NOT EXISTS `ongs` (`id` INTEGER NOT NULL auto_increment , `cnpj` VARCHAR(255) NOT NULL UNIQUE, `nome` VARCHAR(255) NOT NULL, `tipo` VARCHAR(255) NOT NULL, `dt_fundacao` DATETIME NOT NULL, `createdAt` DATETIME NOT NULL, `updatedAt` DATETIME NOT NULL, PRIMARY KEY (`id`)) ENGINE=InnoDB;
[2023-04-19T20:28:20.340Z] Executing (default): SHOW INDEX FROM `ongs`
[2023-04-19T20:28:20.365Z] Executing (default): DROP TABLE IF EXISTS `doacoes`;
[2023-04-19T20:28:20.374Z] Executing (default): CREATE TABLE IF NOT EXISTS `doacoes` (`id` INTEGER NOT NULL auto_increment , `doador` VARCHAR(255) NOT NULL, `valor` FLOAT NOT NULL, `createdAt` DATETIME NOT NULL, `updatedAt` DATETIME NOT NULL, `ongId` INTEGER, PRIMARY KEY (`id`), FOREIGN KEY (`ongId`) REFERENCES `ongs` (`id`) ON DELETE SET NULL ON UPDATE CASCADE) ENGINE=InnoDB;
[2023-04-19T20:28:20.436Z] Executing (default): SHOW INDEX FROM `doacoes`
[2023-04-19T20:29:33.002Z] Executing (default): DROP TABLE IF EXISTS `doacoes`;
[2023-04-19T20:29:33.052Z] Executing (default): DROP TABLE IF EXISTS `ongs`;
[2023-04-19T20:29:33.074Z] Executing (default): SELECT CONSTRAINT_NAME as constraint_name,CONSTRAINT_NAME as constraintName,CONSTRAINT_SCHEMA as constraintSchema,CONSTRAINT_SCHEMA as constraintCatalog,TABLE_NAME as tableName,TABLE_SCHEMA as tableSchema,TABLE_SCHEMA as tableCatalog,COLUMN_NAME as columnName,REFERENCED_TABLE_SCHEMA as referencedTableSchema,REFERENCED_TABLE_SCHEMA as referencedTableCatalog,REFERENCED_TABLE_NAME as referencedTableName,REFERENCED_COLUMN_NAME as referencedColumnName FROM INFORMATION_SCHEMA.KEY_COLUMN_USAGE where TABLE_NAME = 'doacoes' AND CONSTRAINT_NAME!='PRIMARY' AND CONSTRAINT_SCHEMA='ong_db' AND REFERENCED_TABLE_NAME IS NOT NULL;
[2023-04-19T20:29:33.088Z] Executing (default): SELECT CONSTRAINT_NAME as constraint_name,CONSTRAINT_NAME as constraintName,CONSTRAINT_SCHEMA as constraintSchema,CONSTRAINT_SCHEMA as constraintCatalog,TABLE_NAME as tableName,TABLE_SCHEMA as tableSchema,TABLE_SCHEMA as tableCatalog,COLUMN_NAME as columnName,REFERENCED_TABLE_SCHEMA as referencedTableSchema,REFERENCED_TABLE_SCHEMA as referencedTableCatalog,REFERENCED_TABLE_NAME as referencedTableName,REFERENCED_COLUMN_NAME as referencedColumnName FROM INFORMATION_SCHEMA.KEY_COLUMN_USAGE where TABLE_NAME = 'ongs' AND CONSTRAINT_NAME!='PRIMARY' AND CONSTRAINT_SCHEMA='ong_db' AND REFERENCED_TABLE_NAME IS NOT NULL;
[2023-04-19T20:29:33.095Z] Executing (default): DROP TABLE IF EXISTS `doacoes`;
[2023-04-19T20:29:33.103Z] Executing (default): DROP TABLE IF EXISTS `ongs`;
[2023-04-19T20:29:33.116Z] Executing (default): DROP TABLE IF EXISTS `ongs`;
[2023-04-19T20:29:33.126Z] Executing (default): CREATE TABLE IF NOT EXISTS `ongs` (`id` INTEGER NOT NULL auto_increment , `cnpj` VARCHAR(255) NOT NULL UNIQUE, `nome` VARCHAR(255) NOT NULL, `tipo` VARCHAR(255) NOT NULL, `dt_fundacao` DATETIME NOT NULL, `createdAt` DATETIME NOT NULL, `updatedAt` DATETIME NOT NULL, PRIMARY KEY (`id`)) ENGINE=InnoDB;
[2023-04-19T20:29:33.165Z] Executing (default): SHOW INDEX FROM `ongs`
[2023-04-19T20:29:33.183Z] Executing (default): DROP TABLE IF EXISTS `doacoes`;
[2023-04-19T20:29:33.191Z] Executing (default): CREATE TABLE IF NOT EXISTS `doacoes` (`id` INTEGER NOT NULL auto_increment , `doador` VARCHAR(255) NOT NULL, `valor` FLOAT NOT NULL, `createdAt` DATETIME NOT NULL, `updatedAt` DATETIME NOT NULL, `ongId` INTEGER, PRIMARY KEY (`id`), FOREIGN KEY (`ongId`) REFERENCES `ongs` (`id`) ON DELETE SET NULL ON UPDATE CASCADE) ENGINE=InnoDB;
[2023-04-19T20:29:33.228Z] Executing (default): SHOW INDEX FROM `doacoes`
[2023-04-19T20:30:01.144Z] Executing (default): DROP TABLE IF EXISTS `doacoes`;
[2023-04-19T20:30:01.180Z] Executing (default): DROP TABLE IF EXISTS `ongs`;
[2023-04-19T20:30:01.219Z] Executing (default): SELECT CONSTRAINT_NAME as constraint_name,CONSTRAINT_NAME as constraintName,CONSTRAINT_SCHEMA as constraintSchema,CONSTRAINT_SCHEMA as constraintCatalog,TABLE_NAME as tableName,TABLE_SCHEMA as tableSchema,TABLE_SCHEMA as tableCatalog,COLUMN_NAME as columnName,REFERENCED_TABLE_SCHEMA as referencedTableSchema,REFERENCED_TABLE_SCHEMA as referencedTableCatalog,REFERENCED_TABLE_NAME as referencedTableName,REFERENCED_COLUMN_NAME as referencedColumnName FROM INFORMATION_SCHEMA.KEY_COLUMN_USAGE where TABLE_NAME = 'doacoes' AND CONSTRAINT_NAME!='PRIMARY' AND CONSTRAINT_SCHEMA='ong_db' AND REFERENCED_TABLE_NAME IS NOT NULL;
[2023-04-19T20:30:01.229Z] Executing (default): SELECT CONSTRAINT_NAME as constraint_name,CONSTRAINT_NAME as constraintName,CONSTRAINT_SCHEMA as constraintSchema,CONSTRAINT_SCHEMA as constraintCatalog,TABLE_NAME as tableName,TABLE_SCHEMA as tableSchema,TABLE_SCHEMA as tableCatalog,COLUMN_NAME as columnName,REFERENCED_TABLE_SCHEMA as referencedTableSchema,REFERENCED_TABLE_SCHEMA as referencedTableCatalog,REFERENCED_TABLE_NAME as referencedTableName,REFERENCED_COLUMN_NAME as referencedColumnName FROM INFORMATION_SCHEMA.KEY_COLUMN_USAGE where TABLE_NAME = 'ongs' AND CONSTRAINT_NAME!='PRIMARY' AND CONSTRAINT_SCHEMA='ong_db' AND REFERENCED_TABLE_NAME IS NOT NULL;
[2023-04-19T20:30:01.236Z] Executing (default): DROP TABLE IF EXISTS `doacoes`;
[2023-04-19T20:30:01.241Z] Executing (default): DROP TABLE IF EXISTS `ongs`;
[2023-04-19T20:30:01.250Z] Executing (default): DROP TABLE IF EXISTS `ongs`;
[2023-04-19T20:30:01.263Z] Executing (default): CREATE TABLE IF NOT EXISTS `ongs` (`id` INTEGER NOT NULL auto_increment , `cnpj` VARCHAR(255) NOT NULL UNIQUE, `nome` VARCHAR(255) NOT NULL, `tipo` VARCHAR(255) NOT NULL, `dt_fundacao` DATETIME NOT NULL, `createdAt` DATETIME NOT NULL, `updatedAt` DATETIME NOT NULL, PRIMARY KEY (`id`)) ENGINE=InnoDB;
[2023-04-19T20:30:01.302Z] Executing (default): SHOW INDEX FROM `ongs`
[2023-04-19T20:30:01.317Z] Executing (default): DROP TABLE IF EXISTS `doacoes`;
[2023-04-19T20:30:01.325Z] Executing (default): CREATE TABLE IF NOT EXISTS `doacoes` (`id` INTEGER NOT NULL auto_increment , `doador` VARCHAR(255) NOT NULL, `valor` FLOAT NOT NULL, `createdAt` DATETIME NOT NULL, `updatedAt` DATETIME NOT NULL, `ongId` INTEGER, PRIMARY KEY (`id`), FOREIGN KEY (`ongId`) REFERENCES `ongs` (`id`) ON DELETE SET NULL ON UPDATE CASCADE) ENGINE=InnoDB;
[2023-04-19T20:30:01.358Z] Executing (default): SHOW INDEX FROM `doacoes`
[2023-04-19T20:30:12.807Z] Executing (default): INSERT INTO `ongs` (`id`,`cnpj`,`nome`,`tipo`,`dt_fundacao`,`createdAt`,`updatedAt`) VALUES (DEFAULT,?,?,?,?,?,?);
[2023-04-19T20:30:47.064Z] Executing (default): DROP TABLE IF EXISTS `doacoes`;
[2023-04-19T20:30:47.136Z] Executing (default): DROP TABLE IF EXISTS `ongs`;
[2023-04-19T20:30:47.156Z] Executing (default): SELECT CONSTRAINT_NAME as constraint_name,CONSTRAINT_NAME as constraintName,CONSTRAINT_SCHEMA as constraintSchema,CONSTRAINT_SCHEMA as constraintCatalog,TABLE_NAME as tableName,TABLE_SCHEMA as tableSchema,TABLE_SCHEMA as tableCatalog,COLUMN_NAME as columnName,REFERENCED_TABLE_SCHEMA as referencedTableSchema,REFERENCED_TABLE_SCHEMA as referencedTableCatalog,REFERENCED_TABLE_NAME as referencedTableName,REFERENCED_COLUMN_NAME as referencedColumnName FROM INFORMATION_SCHEMA.KEY_COLUMN_USAGE where TABLE_NAME = 'doacoes' AND CONSTRAINT_NAME!='PRIMARY' AND CONSTRAINT_SCHEMA='ong_db' AND REFERENCED_TABLE_NAME IS NOT NULL;
[2023-04-19T20:30:47.172Z] Executing (default): SELECT CONSTRAINT_NAME as constraint_name,CONSTRAINT_NAME as constraintName,CONSTRAINT_SCHEMA as constraintSchema,CONSTRAINT_SCHEMA as constraintCatalog,TABLE_NAME as tableName,TABLE_SCHEMA as tableSchema,TABLE_SCHEMA as tableCatalog,COLUMN_NAME as columnName,REFERENCED_TABLE_SCHEMA as referencedTableSchema,REFERENCED_TABLE_SCHEMA as referencedTableCatalog,REFERENCED_TABLE_NAME as referencedTableName,REFERENCED_COLUMN_NAME as referencedColumnName FROM INFORMATION_SCHEMA.KEY_COLUMN_USAGE where TABLE_NAME = 'ongs' AND CONSTRAINT_NAME!='PRIMARY' AND CONSTRAINT_SCHEMA='ong_db' AND REFERENCED_TABLE_NAME IS NOT NULL;
[2023-04-19T20:30:47.180Z] Executing (default): DROP TABLE IF EXISTS `doacoes`;
[2023-04-19T20:30:47.188Z] Executing (default): DROP TABLE IF EXISTS `ongs`;
[2023-04-19T20:30:47.200Z] Executing (default): DROP TABLE IF EXISTS `ongs`;
[2023-04-19T20:30:47.213Z] Executing (default): CREATE TABLE IF NOT EXISTS `ongs` (`id` INTEGER NOT NULL auto_increment , `cnpj` VARCHAR(255) NOT NULL UNIQUE, `nome` VARCHAR(255) NOT NULL, `tipo` VARCHAR(255) NOT NULL, `dt_fundacao` DATETIME NOT NULL, `createdAt` DATETIME NOT NULL, `updatedAt` DATETIME NOT NULL, PRIMARY KEY (`id`)) ENGINE=InnoDB;
[2023-04-19T20:30:47.256Z] Executing (default): SHOW INDEX FROM `ongs`
[2023-04-19T20:30:47.298Z] Executing (default): DROP TABLE IF EXISTS `doacoes`;
[2023-04-19T20:30:47.306Z] Executing (default): CREATE TABLE IF NOT EXISTS `doacoes` (`id` INTEGER NOT NULL auto_increment , `doador` VARCHAR(255) NOT NULL, `valor` FLOAT NOT NULL, `createdAt` DATETIME NOT NULL, `updatedAt` DATETIME NOT NULL, `ongId` INTEGER, PRIMARY KEY (`id`), FOREIGN KEY (`ongId`) REFERENCES `ongs` (`id`) ON DELETE SET NULL ON UPDATE CASCADE) ENGINE=InnoDB;
[2023-04-19T20:30:47.359Z] Executing (default): SHOW INDEX FROM `doacoes`
[2023-04-19T20:31:28.067Z] Executing (default): DROP TABLE IF EXISTS `doacoes`;
[2023-04-19T20:31:29.079Z] Executing (default): DROP TABLE IF EXISTS `ongs`;
[2023-04-19T20:31:29.108Z] Executing (default): SELECT CONSTRAINT_NAME as constraint_name,CONSTRAINT_NAME as constraintName,CONSTRAINT_SCHEMA as constraintSchema,CONSTRAINT_SCHEMA as constraintCatalog,TABLE_NAME as tableName,TABLE_SCHEMA as tableSchema,TABLE_SCHEMA as tableCatalog,COLUMN_NAME as columnName,REFERENCED_TABLE_SCHEMA as referencedTableSchema,REFERENCED_TABLE_SCHEMA as referencedTableCatalog,REFERENCED_TABLE_NAME as referencedTableName,REFERENCED_COLUMN_NAME as referencedColumnName FROM INFORMATION_SCHEMA.KEY_COLUMN_USAGE where TABLE_NAME = 'doacoes' AND CONSTRAINT_NAME!='PRIMARY' AND CONSTRAINT_SCHEMA='ong_db' AND REFERENCED_TABLE_NAME IS NOT NULL;
[2023-04-19T20:31:29.120Z] Executing (default): SELECT CONSTRAINT_NAME as constraint_name,CONSTRAINT_NAME as constraintName,CONSTRAINT_SCHEMA as constraintSchema,CONSTRAINT_SCHEMA as constraintCatalog,TABLE_NAME as tableName,TABLE_SCHEMA as tableSchema,TABLE_SCHEMA as tableCatalog,COLUMN_NAME as columnName,REFERENCED_TABLE_SCHEMA as referencedTableSchema,REFERENCED_TABLE_SCHEMA as referencedTableCatalog,REFERENCED_TABLE_NAME as referencedTableName,REFERENCED_COLUMN_NAME as referencedColumnName FROM INFORMATION_SCHEMA.KEY_COLUMN_USAGE where TABLE_NAME = 'ongs' AND CONSTRAINT_NAME!='PRIMARY' AND CONSTRAINT_SCHEMA='ong_db' AND REFERENCED_TABLE_NAME IS NOT NULL;
[2023-04-19T20:31:29.127Z] Executing (default): DROP TABLE IF EXISTS `doacoes`;
[2023-04-19T20:31:29.136Z] Executing (default): DROP TABLE IF EXISTS `ongs`;
[2023-04-19T20:31:29.147Z] Executing (default): DROP TABLE IF EXISTS `ongs`;
[2023-04-19T20:31:29.164Z] Executing (default): CREATE TABLE IF NOT EXISTS `ongs` (`id` INTEGER NOT NULL auto_increment , `cnpj` VARCHAR(255) NOT NULL UNIQUE, `nome` VARCHAR(255) NOT NULL, `tipo` VARCHAR(255) NOT NULL, `dt_fundacao` DATETIME NOT NULL, `createdAt` DATETIME NOT NULL, `updatedAt` DATETIME NOT NULL, PRIMARY KEY (`id`)) ENGINE=InnoDB;
[2023-04-19T20:31:29.227Z] Executing (default): SHOW INDEX FROM `ongs`
[2023-04-19T20:31:29.248Z] Executing (default): DROP TABLE IF EXISTS `doacoes`;
[2023-04-19T20:31:29.264Z] Executing (default): CREATE TABLE IF NOT EXISTS `doacoes` (`id` INTEGER NOT NULL auto_increment , `doador` VARCHAR(255) NOT NULL, `valor` FLOAT NOT NULL, `createdAt` DATETIME NOT NULL, `updatedAt` DATETIME NOT NULL, `ongId` INTEGER, PRIMARY KEY (`id`), FOREIGN KEY (`ongId`) REFERENCES `ongs` (`id`) ON DELETE SET NULL ON UPDATE CASCADE) ENGINE=InnoDB;
[2023-04-19T20:31:29.324Z] Executing (default): SHOW INDEX FROM `doacoes`
[2023-04-19T20:32:59.191Z] Executing (default): DROP TABLE IF EXISTS `doacoes`;
[2023-04-19T20:32:59.277Z] Executing (default): DROP TABLE IF EXISTS `ongs`;
[2023-04-19T20:32:59.303Z] Executing (default): SELECT CONSTRAINT_NAME as constraint_name,CONSTRAINT_NAME as constraintName,CONSTRAINT_SCHEMA as constraintSchema,CONSTRAINT_SCHEMA as constraintCatalog,TABLE_NAME as tableName,TABLE_SCHEMA as tableSchema,TABLE_SCHEMA as tableCatalog,COLUMN_NAME as columnName,REFERENCED_TABLE_SCHEMA as referencedTableSchema,REFERENCED_TABLE_SCHEMA as referencedTableCatalog,REFERENCED_TABLE_NAME as referencedTableName,REFERENCED_COLUMN_NAME as referencedColumnName FROM INFORMATION_SCHEMA.KEY_COLUMN_USAGE where TABLE_NAME = 'doacoes' AND CONSTRAINT_NAME!='PRIMARY' AND CONSTRAINT_SCHEMA='ong_db' AND REFERENCED_TABLE_NAME IS NOT NULL;
[2023-04-19T20:32:59.322Z] Executing (default): SELECT CONSTRAINT_NAME as constraint_name,CONSTRAINT_NAME as constraintName,CONSTRAINT_SCHEMA as constraintSchema,CONSTRAINT_SCHEMA as constraintCatalog,TABLE_NAME as tableName,TABLE_SCHEMA as tableSchema,TABLE_SCHEMA as tableCatalog,COLUMN_NAME as columnName,REFERENCED_TABLE_SCHEMA as referencedTableSchema,REFERENCED_TABLE_SCHEMA as referencedTableCatalog,REFERENCED_TABLE_NAME as referencedTableName,REFERENCED_COLUMN_NAME as referencedColumnName FROM INFORMATION_SCHEMA.KEY_COLUMN_USAGE where TABLE_NAME = 'ongs' AND CONSTRAINT_NAME!='PRIMARY' AND CONSTRAINT_SCHEMA='ong_db' AND REFERENCED_TABLE_NAME IS NOT NULL;
[2023-04-19T20:32:59.331Z] Executing (default): DROP TABLE IF EXISTS `doacoes`;
[2023-04-19T20:32:59.338Z] Executing (default): DROP TABLE IF EXISTS `ongs`;
[2023-04-19T20:32:59.349Z] Executing (default): DROP TABLE IF EXISTS `ongs`;
[2023-04-19T20:32:59.363Z] Executing (default): CREATE TABLE IF NOT EXISTS `ongs` (`id` INTEGER NOT NULL auto_increment , `cnpj` VARCHAR(255) NOT NULL UNIQUE, `nome` VARCHAR(255) NOT NULL, `tipo` VARCHAR(255) NOT NULL, `dt_fundacao` DATETIME NOT NULL, `createdAt` DATETIME NOT NULL, `updatedAt` DATETIME NOT NULL, PRIMARY KEY (`id`)) ENGINE=InnoDB;
[2023-04-19T20:32:59.407Z] Executing (default): SHOW INDEX FROM `ongs`
[2023-04-19T20:32:59.435Z] Executing (default): DROP TABLE IF EXISTS `doacoes`;
[2023-04-19T20:32:59.445Z] Executing (default): CREATE TABLE IF NOT EXISTS `doacoes` (`id` INTEGER NOT NULL auto_increment , `doador` VARCHAR(255) NOT NULL, `valor` FLOAT NOT NULL, `createdAt` DATETIME NOT NULL, `updatedAt` DATETIME NOT NULL, `ongId` INTEGER, PRIMARY KEY (`id`), FOREIGN KEY (`ongId`) REFERENCES `ongs` (`id`) ON DELETE SET NULL ON UPDATE CASCADE) ENGINE=InnoDB;
[2023-04-19T20:32:59.489Z] Executing (default): SHOW INDEX FROM `doacoes`
[2023-04-19T20:33:07.601Z] Executing (default): INSERT INTO `ongs` (`id`,`cnpj`,`nome`,`tipo`,`dt_fundacao`,`createdAt`,`updatedAt`) VALUES (DEFAULT,?,?,?,?,?,?);
[2023-04-19T20:36:55.427Z] Executing (default): DROP TABLE IF EXISTS `doacoes`;
[2023-04-19T20:36:55.696Z] Executing (default): DROP TABLE IF EXISTS `ongs`;
[2023-04-19T20:36:55.721Z] Executing (default): SELECT CONSTRAINT_NAME as constraint_name,CONSTRAINT_NAME as constraintName,CONSTRAINT_SCHEMA as constraintSchema,CONSTRAINT_SCHEMA as constraintCatalog,TABLE_NAME as tableName,TABLE_SCHEMA as tableSchema,TABLE_SCHEMA as tableCatalog,COLUMN_NAME as columnName,REFERENCED_TABLE_SCHEMA as referencedTableSchema,REFERENCED_TABLE_SCHEMA as referencedTableCatalog,REFERENCED_TABLE_NAME as referencedTableName,REFERENCED_COLUMN_NAME as referencedColumnName FROM INFORMATION_SCHEMA.KEY_COLUMN_USAGE where TABLE_NAME = 'doacoes' AND CONSTRAINT_NAME!='PRIMARY' AND CONSTRAINT_SCHEMA='ong_db' AND REFERENCED_TABLE_NAME IS NOT NULL;
[2023-04-19T20:36:55.793Z] Executing (default): SELECT CONSTRAINT_NAME as constraint_name,CONSTRAINT_NAME as constraintName,CONSTRAINT_SCHEMA as constraintSchema,CONSTRAINT_SCHEMA as constraintCatalog,TABLE_NAME as tableName,TABLE_SCHEMA as tableSchema,TABLE_SCHEMA as tableCatalog,COLUMN_NAME as columnName,REFERENCED_TABLE_SCHEMA as referencedTableSchema,REFERENCED_TABLE_SCHEMA as referencedTableCatalog,REFERENCED_TABLE_NAME as referencedTableName,REFERENCED_COLUMN_NAME as referencedColumnName FROM INFORMATION_SCHEMA.KEY_COLUMN_USAGE where TABLE_NAME = 'ongs' AND CONSTRAINT_NAME!='PRIMARY' AND CONSTRAINT_SCHEMA='ong_db' AND REFERENCED_TABLE_NAME IS NOT NULL;
[2023-04-19T20:36:55.800Z] Executing (default): DROP TABLE IF EXISTS `doacoes`;
[2023-04-19T20:36:55.810Z] Executing (default): DROP TABLE IF EXISTS `ongs`;
[2023-04-19T20:36:55.820Z] Executing (default): DROP TABLE IF EXISTS `ongs`;
[2023-04-19T20:36:55.831Z] Executing (default): CREATE TABLE IF NOT EXISTS `ongs` (`id` INTEGER NOT NULL auto_increment , `cnpj` VARCHAR(255) NOT NULL UNIQUE, `nome` VARCHAR(255) NOT NULL, `tipo` VARCHAR(255) NOT NULL, `dt_fundacao` DATETIME NOT NULL, `createdAt` DATETIME NOT NULL, `updatedAt` DATETIME NOT NULL, PRIMARY KEY (`id`)) ENGINE=InnoDB;
[2023-04-19T20:36:55.949Z] Executing (default): SHOW INDEX FROM `ongs`
[2023-04-19T20:36:55.984Z] Executing (default): DROP TABLE IF EXISTS `doacoes`;
[2023-04-19T20:36:56.769Z] Executing (default): CREATE TABLE IF NOT EXISTS `doacoes` (`id` INTEGER NOT NULL auto_increment , `doador` VARCHAR(255) NOT NULL, `valor` FLOAT NOT NULL, `createdAt` DATETIME NOT NULL, `updatedAt` DATETIME NOT NULL, `ongId` INTEGER, PRIMARY KEY (`id`), FOREIGN KEY (`ongId`) REFERENCES `ongs` (`id`) ON DELETE SET NULL ON UPDATE CASCADE) ENGINE=InnoDB;
[2023-04-19T20:36:57.273Z] Executing (default): SHOW INDEX FROM `doacoes`
[2023-04-19T20:37:13.908Z] Executing (default): SELECT `id`, `cnpj`, `nome`, `tipo`, `dt_fundacao`, `createdAt`, `updatedAt` FROM `ongs` AS `ong`;
[2023-04-19T20:37:34.496Z] Executing (default): INSERT INTO `ongs` (`id`,`cnpj`,`nome`,`tipo`,`dt_fundacao`,`createdAt`,`updatedAt`) VALUES (DEFAULT,?,?,?,?,?,?);
[2023-04-19T20:38:37.308Z] Executing (default): INSERT INTO `ongs` (`id`,`cnpj`,`nome`,`tipo`,`dt_fundacao`,`createdAt`,`updatedAt`) VALUES (DEFAULT,?,?,?,?,?,?);
[2023-04-19T20:39:12.084Z] Executing (default): SELECT TABLE_NAME FROM INFORMATION_SCHEMA.TABLES WHERE TABLE_TYPE = 'BASE TABLE' AND TABLE_NAME = 'ongs' AND TABLE_SCHEMA = 'ong_db'
[2023-04-19T20:39:12.125Z] Executing (default): SHOW INDEX FROM `ongs`
[2023-04-19T20:39:12.148Z] Executing (default): SELECT TABLE_NAME FROM INFORMATION_SCHEMA.TABLES WHERE TABLE_TYPE = 'BASE TABLE' AND TABLE_NAME = 'doacoes' AND TABLE_SCHEMA = 'ong_db'
[2023-04-19T20:39:12.156Z] Executing (default): SHOW INDEX FROM `doacoes`
[2023-04-19T20:39:13.301Z] Executing (default): SELECT `id`, `cnpj`, `nome`, `tipo`, `dt_fundacao`, `createdAt`, `updatedAt` FROM `ongs` AS `ong`;
[2023-04-19T20:48:11.413Z] Executing (default): SELECT TABLE_NAME FROM INFORMATION_SCHEMA.TABLES WHERE TABLE_TYPE = 'BASE TABLE' AND TABLE_NAME = 'ongs' AND TABLE_SCHEMA = 'ong_db'
[2023-04-19T20:48:11.455Z] Executing (default): SHOW INDEX FROM `ongs`
[2023-04-19T20:48:11.482Z] Executing (default): SELECT TABLE_NAME FROM INFORMATION_SCHEMA.TABLES WHERE TABLE_TYPE = 'BASE TABLE' AND TABLE_NAME = 'doacoes' AND TABLE_SCHEMA = 'ong_db'
[2023-04-19T20:48:11.488Z] Executing (default): SHOW INDEX FROM `doacoes`
[2023-04-19T20:49:24.248Z] Executing (default): SELECT TABLE_NAME FROM INFORMATION_SCHEMA.TABLES WHERE TABLE_TYPE = 'BASE TABLE' AND TABLE_NAME = 'ongs' AND TABLE_SCHEMA = 'ong_db'
[2023-04-19T20:49:24.273Z] Executing (default): SHOW INDEX FROM `ongs`
[2023-04-19T20:49:24.295Z] Executing (default): SELECT TABLE_NAME FROM INFORMATION_SCHEMA.TABLES WHERE TABLE_TYPE = 'BASE TABLE' AND TABLE_NAME = 'doacoes' AND TABLE_SCHEMA = 'ong_db'
[2023-04-19T20:49:24.303Z] Executing (default): SHOW INDEX FROM `doacoes`
[2023-04-19T20:51:15.362Z] Executing (default): SELECT TABLE_NAME FROM INFORMATION_SCHEMA.TABLES WHERE TABLE_TYPE = 'BASE TABLE' AND TABLE_NAME = 'ongs' AND TABLE_SCHEMA = 'ong_db'
[2023-04-19T20:51:15.390Z] Executing (default): SHOW INDEX FROM `ongs`
[2023-04-19T20:51:15.408Z] Executing (default): SELECT TABLE_NAME FROM INFORMATION_SCHEMA.TABLES WHERE TABLE_TYPE = 'BASE TABLE' AND TABLE_NAME = 'doacoes' AND TABLE_SCHEMA = 'ong_db'
[2023-04-19T20:51:15.416Z] Executing (default): SHOW INDEX FROM `doacoes`
[2023-04-19T20:54:59.252Z] Executing (default): DROP TABLE IF EXISTS `doacoes`;
[2023-04-19T20:54:59.422Z] Executing (default): DROP TABLE IF EXISTS `ongs`;
[2023-04-19T20:54:59.461Z] Executing (default): SELECT CONSTRAINT_NAME as constraint_name,CONSTRAINT_NAME as constraintName,CONSTRAINT_SCHEMA as constraintSchema,CONSTRAINT_SCHEMA as constraintCatalog,TABLE_NAME as tableName,TABLE_SCHEMA as tableSchema,TABLE_SCHEMA as tableCatalog,COLUMN_NAME as columnName,REFERENCED_TABLE_SCHEMA as referencedTableSchema,REFERENCED_TABLE_SCHEMA as referencedTableCatalog,REFERENCED_TABLE_NAME as referencedTableName,REFERENCED_COLUMN_NAME as referencedColumnName FROM INFORMATION_SCHEMA.KEY_COLUMN_USAGE where TABLE_NAME = 'doacoes' AND CONSTRAINT_NAME!='PRIMARY' AND CONSTRAINT_SCHEMA='ong_db' AND REFERENCED_TABLE_NAME IS NOT NULL;
[2023-04-19T20:54:59.475Z] Executing (default): SELECT CONSTRAINT_NAME as constraint_name,CONSTRAINT_NAME as constraintName,CONSTRAINT_SCHEMA as constraintSchema,CONSTRAINT_SCHEMA as constraintCatalog,TABLE_NAME as tableName,TABLE_SCHEMA as tableSchema,TABLE_SCHEMA as tableCatalog,COLUMN_NAME as columnName,REFERENCED_TABLE_SCHEMA as referencedTableSchema,REFERENCED_TABLE_SCHEMA as referencedTableCatalog,REFERENCED_TABLE_NAME as referencedTableName,REFERENCED_COLUMN_NAME as referencedColumnName FROM INFORMATION_SCHEMA.KEY_COLUMN_USAGE where TABLE_NAME = 'ongs' AND CONSTRAINT_NAME!='PRIMARY' AND CONSTRAINT_SCHEMA='ong_db' AND REFERENCED_TABLE_NAME IS NOT NULL;
[2023-04-19T20:54:59.483Z] Executing (default): DROP TABLE IF EXISTS `doacoes`;
[2023-04-19T20:54:59.491Z] Executing (default): DROP TABLE IF EXISTS `ongs`;
[2023-04-19T20:54:59.502Z] Executing (default): DROP TABLE IF EXISTS `ongs`;
[2023-04-19T20:54:59.515Z] Executing (default): CREATE TABLE IF NOT EXISTS `ongs` (`id` INTEGER NOT NULL auto_increment , `cnpj` VARCHAR(255) NOT NULL UNIQUE, `nome` VARCHAR(255) NOT NULL, `tipo` VARCHAR(255) NOT NULL, `dt_fundacao` DATETIME NOT NULL, `createdAt` DATETIME NOT NULL, `updatedAt` DATETIME NOT NULL, `deletedAt` DATETIME, PRIMARY KEY (`id`)) ENGINE=InnoDB;
[2023-04-19T20:54:59.571Z] Executing (default): SHOW INDEX FROM `ongs`
[2023-04-19T20:54:59.591Z] Executing (default): DROP TABLE IF EXISTS `doacoes`;
[2023-04-19T20:54:59.601Z] Executing (default): CREATE TABLE IF NOT EXISTS `doacoes` (`id` INTEGER NOT NULL auto_increment , `doador` VARCHAR(255) NOT NULL, `valor` FLOAT NOT NULL, `createdAt` DATETIME NOT NULL, `updatedAt` DATETIME NOT NULL, `ongId` INTEGER, PRIMARY KEY (`id`), FOREIGN KEY (`ongId`) REFERENCES `ongs` (`id`) ON DELETE SET NULL ON UPDATE CASCADE) ENGINE=InnoDB;
[2023-04-19T20:54:59.649Z] Executing (default): SHOW INDEX FROM `doacoes`
[2023-04-19T20:55:49.071Z] Executing (default): SELECT TABLE_NAME FROM INFORMATION_SCHEMA.TABLES WHERE TABLE_TYPE = 'BASE TABLE' AND TABLE_NAME = 'ongs' AND TABLE_SCHEMA = 'ong_db'
[2023-04-19T20:55:49.095Z] Executing (default): SHOW INDEX FROM `ongs`
[2023-04-19T20:55:49.110Z] Executing (default): SELECT TABLE_NAME FROM INFORMATION_SCHEMA.TABLES WHERE TABLE_TYPE = 'BASE TABLE' AND TABLE_NAME = 'doacoes' AND TABLE_SCHEMA = 'ong_db'
[2023-04-19T20:55:49.116Z] Executing (default): SHOW INDEX FROM `doacoes`
[2023-04-19T20:56:30.522Z] Executing (default): INSERT INTO `ongs` (`id`,`cnpj`,`nome`,`tipo`,`dt_fundacao`,`createdAt`,`updatedAt`) VALUES (DEFAULT,?,?,?,?,?,?);
[2023-04-19T20:56:56.813Z] Executing (default): INSERT INTO `ongs` (`id`,`cnpj`,`nome`,`tipo`,`dt_fundacao`,`createdAt`,`updatedAt`) VALUES (DEFAULT,?,?,?,?,?,?);
[2023-04-19T20:57:01.360Z] Executing (default): SELECT `id`, `cnpj`, `nome`, `tipo`, `dt_fundacao`, `createdAt`, `updatedAt`, `deletedAt` FROM `ongs` AS `ong` WHERE (`ong`.`deletedAt` IS NULL);
[2023-04-19T21:01:31.419Z] Executing (default): SELECT TABLE_NAME FROM INFORMATION_SCHEMA.TABLES WHERE TABLE_TYPE = 'BASE TABLE' AND TABLE_NAME = 'ongs' AND TABLE_SCHEMA = 'ong_db'
[2023-04-19T21:01:31.485Z] Executing (default): SHOW INDEX FROM `ongs`
[2023-04-19T21:01:31.505Z] Executing (default): SELECT TABLE_NAME FROM INFORMATION_SCHEMA.TABLES WHERE TABLE_TYPE = 'BASE TABLE' AND TABLE_NAME = 'doacoes' AND TABLE_SCHEMA = 'ong_db'
[2023-04-19T21:01:31.512Z] Executing (default): SHOW INDEX FROM `doacoes`
[2023-04-19T21:05:53.102Z] Executing (default): SELECT TABLE_NAME FROM INFORMATION_SCHEMA.TABLES WHERE TABLE_TYPE = 'BASE TABLE' AND TABLE_NAME = 'ongs' AND TABLE_SCHEMA = 'ong_db'
[2023-04-19T21:05:53.125Z] Executing (default): SHOW INDEX FROM `ongs`
[2023-04-19T21:05:53.139Z] Executing (default): SELECT TABLE_NAME FROM INFORMATION_SCHEMA.TABLES WHERE TABLE_TYPE = 'BASE TABLE' AND TABLE_NAME = 'doacoes' AND TABLE_SCHEMA = 'ong_db'
[2023-04-19T21:05:53.146Z] Executing (default): SHOW INDEX FROM `doacoes`
[2023-04-19T21:05:57.762Z] Executing (default): UPDATE `ongs` SET `deletedAt`=? WHERE `deletedAt` IS NULL AND `id` = ?
[2023-04-19T21:12:46.868Z] Executing (default): SELECT TABLE_NAME FROM INFORMATION_SCHEMA.TABLES WHERE TABLE_TYPE = 'BASE TABLE' AND TABLE_NAME = 'ongs' AND TABLE_SCHEMA = 'ong_db'
[2023-04-19T21:12:46.909Z] Executing (default): SHOW INDEX FROM `ongs`
[2023-04-19T21:12:46.936Z] Executing (default): SELECT TABLE_NAME FROM INFORMATION_SCHEMA.TABLES WHERE TABLE_TYPE = 'BASE TABLE' AND TABLE_NAME = 'doacoes' AND TABLE_SCHEMA = 'ong_db'
[2023-04-19T21:12:46.943Z] Executing (default): SHOW INDEX FROM `doacoes`
[2023-04-19T21:14:12.232Z] Executing (default): SELECT TABLE_NAME FROM INFORMATION_SCHEMA.TABLES WHERE TABLE_TYPE = 'BASE TABLE' AND TABLE_NAME = 'ongs' AND TABLE_SCHEMA = 'ong_db'
[2023-04-19T21:14:12.255Z] Executing (default): SHOW INDEX FROM `ongs`
[2023-04-19T21:14:12.276Z] Executing (default): SELECT TABLE_NAME FROM INFORMATION_SCHEMA.TABLES WHERE TABLE_TYPE = 'BASE TABLE' AND TABLE_NAME = 'doacoes' AND TABLE_SCHEMA = 'ong_db'
[2023-04-19T21:14:12.285Z] Executing (default): SHOW INDEX FROM `doacoes`
[2023-04-19T21:14:50.576Z] Executing (default): DROP TABLE IF EXISTS `doacoes`;
[2023-04-19T21:14:50.791Z] Executing (default): DROP TABLE IF EXISTS `ongs`;
[2023-04-19T21:14:50.823Z] Executing (default): SELECT CONSTRAINT_NAME as constraint_name,CONSTRAINT_NAME as constraintName,CONSTRAINT_SCHEMA as constraintSchema,CONSTRAINT_SCHEMA as constraintCatalog,TABLE_NAME as tableName,TABLE_SCHEMA as tableSchema,TABLE_SCHEMA as tableCatalog,COLUMN_NAME as columnName,REFERENCED_TABLE_SCHEMA as referencedTableSchema,REFERENCED_TABLE_SCHEMA as referencedTableCatalog,REFERENCED_TABLE_NAME as referencedTableName,REFERENCED_COLUMN_NAME as referencedColumnName FROM INFORMATION_SCHEMA.KEY_COLUMN_USAGE where TABLE_NAME = 'doacoes' AND CONSTRAINT_NAME!='PRIMARY' AND CONSTRAINT_SCHEMA='ong_db' AND REFERENCED_TABLE_NAME IS NOT NULL;
[2023-04-19T21:14:50.842Z] Executing (default): SELECT CONSTRAINT_NAME as constraint_name,CONSTRAINT_NAME as constraintName,CONSTRAINT_SCHEMA as constraintSchema,CONSTRAINT_SCHEMA as constraintCatalog,TABLE_NAME as tableName,TABLE_SCHEMA as tableSchema,TABLE_SCHEMA as tableCatalog,COLUMN_NAME as columnName,REFERENCED_TABLE_SCHEMA as referencedTableSchema,REFERENCED_TABLE_SCHEMA as referencedTableCatalog,REFERENCED_TABLE_NAME as referencedTableName,REFERENCED_COLUMN_NAME as referencedColumnName FROM INFORMATION_SCHEMA.KEY_COLUMN_USAGE where TABLE_NAME = 'ongs' AND CONSTRAINT_NAME!='PRIMARY' AND CONSTRAINT_SCHEMA='ong_db' AND REFERENCED_TABLE_NAME IS NOT NULL;
[2023-04-19T21:14:50.849Z] Executing (default): DROP TABLE IF EXISTS `doacoes`;
[2023-04-19T21:14:50.859Z] Executing (default): DROP TABLE IF EXISTS `ongs`;
[2023-04-19T21:14:50.868Z] Executing (default): DROP TABLE IF EXISTS `ongs`;
[2023-04-19T21:14:50.882Z] Executing (default): CREATE TABLE IF NOT EXISTS `ongs` (`id` INTEGER NOT NULL auto_increment , `cnpj` VARCHAR(255) NOT NULL UNIQUE, `nome` VARCHAR(255) NOT NULL, `tipo` VARCHAR(255) NOT NULL, `dt_fundacao` DATETIME NOT NULL, `createdAt` DATETIME NOT NULL, `updatedAt` DATETIME NOT NULL, `deletedAt` DATETIME, PRIMARY KEY (`id`)) ENGINE=InnoDB;
[2023-04-19T21:14:50.942Z] Executing (default): SHOW INDEX FROM `ongs`
[2023-04-19T21:14:50.964Z] Executing (default): DROP TABLE IF EXISTS `doacoes`;
[2023-04-19T21:14:50.971Z] Executing (default): CREATE TABLE IF NOT EXISTS `doacoes` (`id` INTEGER NOT NULL auto_increment , `doador` VARCHAR(255) NOT NULL, `valor` FLOAT NOT NULL, `createdAt` DATETIME NOT NULL, `updatedAt` DATETIME NOT NULL, `deletedAt` DATETIME, `ongId` INTEGER, PRIMARY KEY (`id`), FOREIGN KEY (`ongId`) REFERENCES `ongs` (`id`) ON DELETE SET NULL ON UPDATE CASCADE) ENGINE=InnoDB;
[2023-04-19T21:14:51.011Z] Executing (default): SHOW INDEX FROM `doacoes`
[2023-04-19T21:15:00.295Z] Executing (default): SELECT TABLE_NAME FROM INFORMATION_SCHEMA.TABLES WHERE TABLE_TYPE = 'BASE TABLE' AND TABLE_NAME = 'ongs' AND TABLE_SCHEMA = 'ong_db'
[2023-04-19T21:15:00.316Z] Executing (default): SHOW INDEX FROM `ongs`
[2023-04-19T21:15:00.339Z] Executing (default): SELECT TABLE_NAME FROM INFORMATION_SCHEMA.TABLES WHERE TABLE_TYPE = 'BASE TABLE' AND TABLE_NAME = 'doacoes' AND TABLE_SCHEMA = 'ong_db'
[2023-04-19T21:15:00.346Z] Executing (default): SHOW INDEX FROM `doacoes`
